<?xml version="1.0" encoding="UTF-8"?>
<!-- Generated by org.testng.reporters.JUnitReportReporter -->
<testsuite hostname="Aditya" failures="0" tests="1" name="Product_Test.TestCase_17_Test" time="4.436" errors="0" timestamp="2025-05-09T19:54:23 IST" skipped="0">
  <testcase classname="Product_Test.TestCase_17_Test" name="Remove_Products_From_Cart" time="4.436">
    <system-out>
      <![CDATA[Home page is visible successfully
Cart page is displayed successfully
Initial items in cart: 2
Item deleted successfully
Updated items in cart: 1
Product was successfully removed from cart]]>
    </system-out>
  </testcase> <!-- Remove_Products_From_Cart -->
  <system-out>
    <![CDATA[Browser verified
Opening: edge
Navigating to URL: http://automationexercise.com
Home page is visible successfully
'New User Signup!' is visible
'ENTER ACCOUNT INFORMATION' is visible
'ACCOUNT CREATED!' is visible
'Logged in as username' is visible
'ACCOUNT DELETED!' is visible
Browser closed: edge
Test execution completed by: Aditya
Browser verified
Opening: edge
Navigating to URL: http://automationexercise.com
Home page is visible successfully
'Login to your account' is visible
'Logged in as username' is visible:- Logged in as Aditya
'ACCOUNT DELETED!' is visible
Browser closed: edge
Test execution completed by: Aditya
Browser verified
Opening: edge
Navigating to URL: http://automationexercise.com
Home page is visible successfully
'Login to your account' is visible
'Your email or password is incorrect!' is visible
Browser closed: edge
Test execution completed by: Aditya
Browser verified
Opening: edge
Navigating to URL: http://automationexercise.com
Home page is visible successfully
'Login to your account' is visible
'Logged in as username' is visible:- Logged in as Aditya
User is navigated to login page
Browser closed: edge
Test execution completed by: Aditya
Browser verified
Opening: edge
Navigating to URL: http://automationexercise.com
Home page is visible successfully
'New User Signup!' is visible
'Email Address already exist!' is visible
Browser closed: edge
Test execution completed by: Aditya
Browser verified
Opening: edge
Navigating to URL: http://automationexercise.com
Home page is visible successfully
'GET IN TOUCH' is visible
'Success! Your details have been submitted successfully.' is visible
Browser closed: edge
Test execution completed by: Aditya
Browser verified
Opening: edge
Navigating to URL: http://automationexercise.com
Home page is visible successfully
User is navigated to test cases page successfully
Browser closed: edge
Test execution completed by: Aditya
Browser verified
Opening: edge
Navigating to URL: http://automationexercise.com
Home page is visible successfully
User is navigated to ALL PRODUCTS page successfully
Product list is visible
User is landed to product details page
Product details are visible:
Product Name: Blue Top
Product Category: Women > Tops
Product Price: Rs. 500
Product Availability: In Stock
Product Condition: Condition: New
Product Brand: Brand: Polo

Browser closed: edge
Test execution completed by: Aditya
Browser verified
Opening: edge
Navigating to URL: http://automationexercise.com
Home page is visible successfully
User is navigated to ALL PRODUCTS page successfully
'SEARCHED PRODUCTS' is visible
Product related to search is visible: Blue Top
Product related to search is visible: Winter Top
Product related to search is visible: Summer White Top
Product related to search is visible: Madame Top For Women
Product related to search is visible: Fancy Green Top
Product related to search is visible: Sleeves Printed Top - White
Product related to search is visible: Half Sleeves Top Schiffli Detailing - Pink
Product related to search is visible: Frozen Tops For Kids
Product related to search is visible: Full Sleeves Top Cherry - Pink
Product related to search is visible: Printed Off Shoulder Top - White
Product related to search is visible: Sleeves Top and Short - Blue & Pink
Product related to search is not visible: Little Girls Mr. Panda  Shirt
Product related to search is visible: Colour Blocked Shirt – Sky Blue
Product related to search is visible: Lace Top For Women
Browser closed: edge
Test execution completed by: Aditya
Browser verified
Opening: edge
Navigating to URL: http://automationexercise.com
Home page is visible successfully
'SUBSCRIPTION' text is visible
'You have been successfully subscribed!' is visible
Browser closed: edge
Test execution completed by: Aditya
Browser verified
Opening: edge
Navigating to URL: http://automationexercise.com
Home page is visible successfully
'SUBSCRIPTION' text is visible
'You have been successfully subscribed!' is visible
Browser closed: edge
Test execution completed by: Aditya
Browser verified
Opening: edge
Navigating to URL: http://automationexercise.com
Home page is visible successfully
Both products are added to Cart successfully
Product Name: Blue Top
Price: Rs. 500
Quantity: 1
Total Price: Rs. 500
Product Name: Men Tshirt
Price: Rs. 400
Quantity: 1
Total Price: Rs. 400
Browser closed: edge
Test execution completed by: Aditya
Browser verified
Opening: edge
Navigating to URL: http://automationexercise.com
Home page is visible successfully
Product details page is displayed
Product quantity in cart matches expected quantity
Browser closed: edge
Test execution completed by: Aditya
Browser verified
Opening: edge
Navigating to URL: http://automationexercise.com
Home page is visible successfully
Cart page is displayed successfully
'ACCOUNT CREATED!' is visible
'Logged in as username' is visible
Address Details are successfully verified
Product Name: Blue Top
Price: Rs. 500
Quantity: 1
Total Price: Rs. 500
Product Name: Men Tshirt
Price: Rs. 400
Quantity: 1
Total Price: Rs. 400
Order review successfully verified
'Your order has been placed successfully!' verified successfully
'ACCOUNT DELETED!' is visible
Browser closed: edge
Test execution completed by: Aditya
Browser verified
Opening: edge
Navigating to URL: http://automationexercise.com
Home page is visible successfully
'ACCOUNT CREATED!' is visible
'Logged in as username' is visible
Cart page is displayed successfully
Address Details are successfully verified
Product Name: Blue Top
Price: Rs. 500
Quantity: 1
Total Price: Rs. 500
Product Name: Men Tshirt
Price: Rs. 400
Quantity: 1
Total Price: Rs. 400
Order review successfully verified
'Your order has been placed successfully!' verified successfully
'ACCOUNT DELETED!' is visible
Browser closed: edge
Test execution completed by: Aditya
Browser verified
Opening: edge
Navigating to URL: http://automationexercise.com
Home page is visible successfully
'Logged in as username' is visibleLogged in as Aditya
Cart page is displayed successfully
Address Details are successfully verified
Product Name: Blue Top
Price: Rs. 500
Quantity: 1
Total Price: Rs. 500
Product Name: Men Tshirt
Price: Rs. 400
Quantity: 1
Total Price: Rs. 400
Order review successfully verified
'Your order has been placed successfully!' verified successfully
'ACCOUNT DELETED!' is visible
Browser closed: edge
Test execution completed by: Aditya
Browser verified
Opening: edge
Navigating to URL: http://automationexercise.com
Home page is visible successfully
Cart page is displayed successfully
Initial items in cart: 2
Item deleted successfully
Updated items in cart: 1
Product was successfully removed from cart
Browser closed: edge
Test execution completed by: Aditya
Browser verified
Opening: edge
Navigating to URL: http://automationexercise.com
Categories section is visible on left side bar
Clicked on Women category
Clicked on Dress subcategory
Category page is displayed with correct title: WOMEN -  DRESS PRODUCTS
Clicked on TShirt subcategory under Men
Successfully navigated to Men's TShirt category page: MEN - TSHIRTS PRODUCTS
Browser closed: edge
Test execution completed by: Aditya
Browser verified
Opening: edge
Navigating to URL: http://automationexercise.com
Brands section is visible on left side bar
Successfully navigated to BRAND - POLO PRODUCTS brand page
Brand products are displayed successfully
Successfully navigated to BRAND - H&M PRODUCTS brand page
Brand products are displayed successfully
Browser closed: edge
Test execution completed by: Aditya
Browser verified
Opening: edge
Navigating to URL: http://automationexercise.com
User is navigated to ALL PRODUCTS page successfully
'SEARCHED PRODUCTS' is visible
Product related to search is visible: Sleeveless Dress
Product related to search is visible: Stylish Dress
Product related to search is visible: Sleeves Top and Short - Blue & Pink
Product related to search is visible: Sleeveless Unicorn Patch Gown - Pink
Product related to search is visible: Cotton Mull Embroidered Dress
Product related to search is visible: Blue Cotton Indie Mickey Dress
Product related to search is visible: Long Maxi Tulle Fancy Dress Up Outfits -Pink
Product related to search is visible: Sleeveless Unicorn Print Fit & Flare Net Dress - Multi
Product related to search is visible: Rose Pink Embroidered Maxi Dress
Added 9 products to cart
All 9 products are visible in cart
Logged in successfully
Browser closed: edge
Test execution completed by: Aditya
Browser verified
Opening: edge
Navigating to URL: http://automationexercise.com
User is navigated to ALL PRODUCTS page successfully
'Write Your Review' section is visible
Entered review details
'Thank you for your review.' is visible 
Browser closed: edge
Test execution completed by: Aditya
Browser verified
Opening: edge
Navigating to URL: http://automationexercise.com
Scrolled to bottom of page
'RECOMMENDED ITEMS' section is visible
Product 'Blue Top' is displayed in cart page
Browser closed: edge
Test execution completed by: Aditya
Browser verified
Opening: edge
Navigating to URL: http://automationexercise.com
Home page is visible successfully
'ACCOUNT CREATED!' is visible
'Logged in as username' is visible
Cart page is displayed successfully
Delivery address matches registration address
Billing address matches registration address
'ACCOUNT DELETED!' is visible
Browser closed: edge
Test execution completed by: Aditya
Browser verified
Opening: edge
Navigating to URL: http://automationexercise.com
Home page is visible successfully
Cart page is displayed successfully
'ACCOUNT CREATED!' is visible
'Logged in as username' is visible
Address Details are successfully verified
Product Name: Blue Top
Price: Rs. 500
Quantity: 1
Total Price: Rs. 500
Product Name: Men Tshirt
Price: Rs. 400
Quantity: 1
Total Price: Rs. 400
Order review successfully verified
'Your order has been placed successfully!' verified successfully
invoice is downloaded successfully
'ACCOUNT DELETED!' is visible
Browser closed: edge
Test execution completed by: Aditya
Browser verified
Opening: edge
Navigating to URL: http://automationexercise.com
Home page is visible successfully
Scrolled to bottom of page
'SUBSCRIPTION' text is visible
Clicked on scroll up arrow
Page is scrolled up and text is visible
Browser closed: edge
Test execution completed by: Aditya
Browser verified
Opening: edge
Navigating to URL: http://automationexercise.com
Home page is visible successfully
Scrolled to bottom of page
'SUBSCRIPTION' text is visible
Scrolled back to top of page
Page is scrolled up and text is visible
Browser closed: edge
Test execution completed by: Aditya]]>
  </system-out>
</testsuite> <!-- Product_Test.TestCase_17_Test -->
