<?xml version="1.0" encoding="UTF-8"?>
<!-- Generated by org.testng.reporters.JUnitReportReporter -->
<testsuite hostname="Aditya" failures="0" tests="1" name="Product_Test.TestCase_09" time="11.596" errors="0" timestamp="2025-05-06T02:47:08 IST" skipped="0">
  <testcase classname="Product_Test.TestCase_09" name="Search_Product" time="11.596"/>
  <system-out>
    <![CDATA[Home page is visible successfully
User is navigated to ALL PRODUCTS page successfully
'SEARCHED PRODUCTS' is visible
Product related to search is visible: Blue Top
Product related to search is visible: Winter Top
Product related to search is visible: Summer White Top
Product related to search is visible: Madame Top For Women
Product related to search is visible: Fancy Green Top
Product related to search is visible: Sleeves Printed Top - White
Product related to search is visible: Half Sleeves Top Schiffli Detailing - Pink
Product related to search is visible: Frozen Tops For Kids
Product related to search is visible: Full Sleeves Top Cherry - Pink
Product related to search is visible: Printed Off Shoulder Top - White
Product related to search is visible: Sleeves Top and Short - Blue & Pink
Product related to search is not visible: Little Girls Mr. Panda Shirt
Product related to search is visible: Colour Blocked Shirt – Sky Blue
Product related to search is visible: Lace Top For Women]]>
  </system-out>
</testsuite> <!-- Product_Test.TestCase_09 -->
