<?xml version="1.0" encoding="UTF-8"?>
<!-- Generated by org.testng.reporters.JUnitXMLReporter -->
<testsuite ignored="0" hostname="Aditya" failures="0" tests="26" name="Test" time="524.008" errors="0" timestamp="2025-05-09T22:54:43 IST">
  <testcase classname="Product_Test.TestCase_01_Test" name="Register_User" time="22.32"/>
  <testcase classname="Product_Test.TestCase_02_Test" name="Login_User_with_correct_email_and_password" time="19.164"/>
  <testcase classname="Product_Test.TestCase_03_Test" name="Login_User_with_incorrect_email_and_password" time="4.884"/>
  <testcase classname="Product_Test.TestCase_04_Test" name="Logout_User" time="27.251"/>
  <testcase classname="Product_Test.TestCase_05_Test" name="Register_User_with_existing_email" time="3.673"/>
  <testcase classname="Product_Test.TestCase_06_Test" name="Contact_Us_Form" time="5.296"/>
  <testcase classname="Product_Test.TestCase_07_Test" name="Verify_Test_Cases_Page" time="1.819"/>
  <testcase classname="Product_Test.TestCase_08_Test" name="Verify_All_Products_and_product_detail_page" time="3.557"/>
  <testcase classname="Product_Test.TestCase_09_Test" name="Search_Product" time="4.548"/>
  <testcase classname="Product_Test.TestCase_10_Test" name="Verify_Subscription_in_home_page" time="0.836"/>
  <testcase classname="Product_Test.TestCase_11_Test" name="Verify_Subscription_in_Cart_page" time="2.274"/>
  <testcase classname="Product_Test.TestCase_12_Test" name="Add_Products_in_Cart" time="5.866"/>
  <testcase classname="Product_Test.TestCase_13_Test" name="Verify_Product_quantity_in_Cart" time="4.199"/>
  <testcase classname="Product_Test.TestCase_14_Test" name="Place_Order_Register_while_Checkout" time="30.135"/>
  <testcase classname="Product_Test.TestCase_15_Test" name="PlaceOrder_Register_before_Checkout" time="28.318"/>
  <testcase classname="Product_Test.TestCase_16_Test" name="Place_Order_Login_before_Checkout" time="31.917"/>
  <testcase classname="Product_Test.TestCase_17_Test" name="Remove_Products_From_Cart" time="6.893"/>
  <testcase classname="Product_Test.TestCase_18_Test" name="ViewCategory_Products" time="7.098"/>
  <testcase classname="Product_Test.TestCase_19_Test" name="View_and_Cart_Brand_Products" time="28.754"/>
  <testcase classname="Product_Test.TestCase_20_Test" name="Search_Products_and_Verify_Cart_After_Login" time="30.818"/>
  <testcase classname="Product_Test.TestCase_21_Test" name="Add_review_on_product" time="5.384"/>
  <testcase classname="Product_Test.TestCase_22_Test" name="Add_to_cart_from_Recommended_items" time="2.971"/>
  <testcase classname="Product_Test.TestCase_23_Test" name="Verify_address_details_in_checkout_page" time="17.895"/>
  <testcase classname="Product_Test.TestCase_24_Test" name="Download_Invoice_after_purchase_order" time="29.935"/>
  <testcase classname="Product_Test.TestCase_25_Test" name="Verify_Scroll_Up_using_Arrow_button_and_Scroll_Down_functionality" time="0.195"/>
  <testcase classname="Product_Test.TestCase_26_Test" name="Verify_Scroll_Up_without_Arrow_button_and_Scroll_Down_functionality" time="1.222"/>
</testsuite> <!-- Test -->
