<?xml version="1.0" encoding="UTF-8"?>
<!-- Generated by org.testng.reporters.JUnitXMLReporter -->
<testsuite ignored="0" hostname="Aditya" failures="0" tests="26" name="Test" time="739.204" errors="0" timestamp="2025-05-08T12:33:12 IST">
  <testcase classname="Product_Test.TestCase_01" name="Register_User" time="11.562"/>
  <testcase classname="Product_Test.TestCase_02" name="Login_User_with_correct_email_and_password" time="32.603"/>
  <testcase classname="Product_Test.TestCase_03" name="Login_User_with_incorrect_email_and_password" time="4.182"/>
  <testcase classname="Product_Test.TestCase_04" name="Logout_User" time="46.32"/>
  <testcase classname="Product_Test.TestCase_05" name="Register_User_with_existing_email" time="15.578"/>
  <testcase classname="Product_Test.TestCase_06" name="Contact_Us_Form" time="15.627"/>
  <testcase classname="Product_Test.TestCase_07" name="Verify_Test_Cases_Page" time="11.441"/>
  <testcase classname="Product_Test.TestCase_08" name="Verify_All_Products_and_product_detail_page" time="8.472"/>
  <testcase classname="Product_Test.TestCase_09" name="Search_Product" time="23.368"/>
  <testcase classname="Product_Test.TestCase_10" name="Verify_Subscription_in_home_page" time="0.801"/>
  <testcase classname="Product_Test.TestCase_11" name="Verify_Subscription_in_Cart_page" time="6.462"/>
  <testcase classname="Product_Test.TestCase_12" name="Add_Products_in_Cart" time="10.024"/>
  <testcase classname="Product_Test.TestCase_13" name="Verify_Product_quantity_in_Cart" time="4.575"/>
  <testcase classname="Product_Test.TestCase_14" name="Place_Order_Register_while_Checkout" time="51.7"/>
  <testcase classname="Product_Test.TestCase_15" name="PlaceOrder_Register_before_Checkout" time="35.111"/>
  <testcase classname="Product_Test.TestCase_16" name="Place_Order_Login_before_Checkout" time="76.026"/>
  <testcase classname="Product_Test.TestCase_17" name="Remove_Products_From_Cart" time="17.215"/>
  <testcase classname="Product_Test.TestCase_18" name="ViewCategory_Products" time="7.073"/>
  <testcase classname="Product_Test.TestCase_19" name="View_and_Cart_Brand_Products" time="4.492"/>
  <testcase classname="Product_Test.TestCase_20" name="Search_Products_and_Verify_Cart_After_Login" time="38.246"/>
  <testcase classname="Product_Test.TestCase_21" name="Add_review_on_product" time="17.103"/>
  <testcase classname="Product_Test.TestCase_22" name="Add_to_cart_from_Recommended_items" time="5.315"/>
  <testcase classname="Product_Test.TestCase_23" name="Verify_address_details_in_checkout_page" time="48.941"/>
  <testcase classname="Product_Test.TestCase_24" name="Download_Invoice_after_purchase_order" time="42.05"/>
  <testcase classname="Product_Test.TestCase_25" name="Verify_Scroll_Up_using_Arrow_button_and_Scroll_Down_functionality" time="0.219"/>
  <testcase classname="Product_Test.TestCase_26" name="Verify_Scroll_Up_without_Arrow_button_and_Scroll_Down_functionality" time="1.226"/>
</testsuite> <!-- Test -->
