<?xml version="1.0" encoding="UTF-8"?>
<testng-results ignored="0" total="26" passed="26" failed="0" skipped="0">
  <reporter-output>
    <line>
      <![CDATA[Browser verified]]>
    </line>
    <line>
      <![CDATA[Opening: edge]]>
    </line>
    <line>
      <![CDATA[Navigating to URL: http://automationexercise.com]]>
    </line>
    <line>
      <![CDATA[Executing class:- #TestCase_01_Test#]]>
    </line>
    <line>
      <![CDATA[Home page is visible successfully]]>
    </line>
    <line>
      <![CDATA['New User Signup!' is visible]]>
    </line>
    <line>
      <![CDATA['ENTER ACCOUNT INFORMATION' is visible]]>
    </line>
    <line>
      <![CDATA['ACCOUNT CREATED!' is visible]]>
    </line>
    <line>
      <![CDATA['Logged in as username' is visible]]>
    </line>
    <line>
      <![CDATA['ACCOUNT DELETED!' is visible]]>
    </line>
    <line>
      <![CDATA[Browser closed: edge]]>
    </line>
    <line>
      <![CDATA[Test execution completed by: Aditya]]>
    </line>
    <line>
      <![CDATA[Browser verified]]>
    </line>
    <line>
      <![CDATA[Opening: edge]]>
    </line>
    <line>
      <![CDATA[Navigating to URL: http://automationexercise.com]]>
    </line>
    <line>
      <![CDATA[Executing class:- #TestCase_02_Test#]]>
    </line>
    <line>
      <![CDATA[Home page is visible successfully]]>
    </line>
    <line>
      <![CDATA['Login to your account' is visible]]>
    </line>
    <line>
      <![CDATA['Logged in as username' is visible:- Logged in as Aditya]]>
    </line>
    <line>
      <![CDATA['ACCOUNT DELETED!' is visible]]>
    </line>
    <line>
      <![CDATA[Browser closed: edge]]>
    </line>
    <line>
      <![CDATA[Test execution completed by: Aditya]]>
    </line>
    <line>
      <![CDATA[Browser verified]]>
    </line>
    <line>
      <![CDATA[Opening: edge]]>
    </line>
    <line>
      <![CDATA[Navigating to URL: http://automationexercise.com]]>
    </line>
    <line>
      <![CDATA[Executing class:- #TestCase_03_Test#]]>
    </line>
    <line>
      <![CDATA[Home page is visible successfully]]>
    </line>
    <line>
      <![CDATA['Login to your account' is visible]]>
    </line>
    <line>
      <![CDATA['Your email or password is incorrect!' is visible]]>
    </line>
    <line>
      <![CDATA[Browser closed: edge]]>
    </line>
    <line>
      <![CDATA[Test execution completed by: Aditya]]>
    </line>
    <line>
      <![CDATA[Browser verified]]>
    </line>
    <line>
      <![CDATA[Opening: edge]]>
    </line>
    <line>
      <![CDATA[Navigating to URL: http://automationexercise.com]]>
    </line>
    <line>
      <![CDATA[Executing class:- #TestCase_04_Test#]]>
    </line>
    <line>
      <![CDATA[Home page is visible successfully]]>
    </line>
    <line>
      <![CDATA['Login to your account' is visible]]>
    </line>
    <line>
      <![CDATA['Logged in as username' is visible:- Logged in as Aditya]]>
    </line>
    <line>
      <![CDATA[User is navigated to login page]]>
    </line>
    <line>
      <![CDATA[Browser closed: edge]]>
    </line>
    <line>
      <![CDATA[Test execution completed by: Aditya]]>
    </line>
    <line>
      <![CDATA[Browser verified]]>
    </line>
    <line>
      <![CDATA[Opening: edge]]>
    </line>
    <line>
      <![CDATA[Navigating to URL: http://automationexercise.com]]>
    </line>
    <line>
      <![CDATA[Executing class:- #TestCase_05_Test#]]>
    </line>
    <line>
      <![CDATA[Home page is visible successfully]]>
    </line>
    <line>
      <![CDATA['New User Signup!' is visible]]>
    </line>
    <line>
      <![CDATA['Email Address already exist!' is visible]]>
    </line>
    <line>
      <![CDATA[Browser closed: edge]]>
    </line>
    <line>
      <![CDATA[Test execution completed by: Aditya]]>
    </line>
    <line>
      <![CDATA[Browser verified]]>
    </line>
    <line>
      <![CDATA[Opening: edge]]>
    </line>
    <line>
      <![CDATA[Navigating to URL: http://automationexercise.com]]>
    </line>
    <line>
      <![CDATA[Executing class:- #TestCase_06_Test#]]>
    </line>
    <line>
      <![CDATA[Home page is visible successfully]]>
    </line>
    <line>
      <![CDATA['GET IN TOUCH' is visible]]>
    </line>
    <line>
      <![CDATA['Success! Your details have been submitted successfully.' is visible]]>
    </line>
    <line>
      <![CDATA[Browser closed: edge]]>
    </line>
    <line>
      <![CDATA[Test execution completed by: Aditya]]>
    </line>
    <line>
      <![CDATA[Browser verified]]>
    </line>
    <line>
      <![CDATA[Opening: edge]]>
    </line>
    <line>
      <![CDATA[Navigating to URL: http://automationexercise.com]]>
    </line>
    <line>
      <![CDATA[Executing class:- #TestCase_07_Test#]]>
    </line>
    <line>
      <![CDATA[Home page is visible successfully]]>
    </line>
    <line>
      <![CDATA[User is navigated to test cases page successfully]]>
    </line>
    <line>
      <![CDATA[Browser closed: edge]]>
    </line>
    <line>
      <![CDATA[Test execution completed by: Aditya]]>
    </line>
    <line>
      <![CDATA[Browser verified]]>
    </line>
    <line>
      <![CDATA[Opening: edge]]>
    </line>
    <line>
      <![CDATA[Navigating to URL: http://automationexercise.com]]>
    </line>
    <line>
      <![CDATA[Executing class:- #TestCase_08_Test#]]>
    </line>
    <line>
      <![CDATA[Home page is visible successfully]]>
    </line>
    <line>
      <![CDATA[User is navigated to ALL PRODUCTS page successfully]]>
    </line>
    <line>
      <![CDATA[Product list is visible]]>
    </line>
    <line>
      <![CDATA[User is landed to product details page]]>
    </line>
    <line>
      <![CDATA[Product details are visible:
Product Name: Blue Top
Product Category: Women > Tops
Product Price: Rs. 500
Product Availability: In Stock
Product Condition: Condition: New
Product Brand: Brand: Polo
]]>
    </line>
    <line>
      <![CDATA[Browser closed: edge]]>
    </line>
    <line>
      <![CDATA[Test execution completed by: Aditya]]>
    </line>
    <line>
      <![CDATA[Browser verified]]>
    </line>
    <line>
      <![CDATA[Opening: edge]]>
    </line>
    <line>
      <![CDATA[Navigating to URL: http://automationexercise.com]]>
    </line>
    <line>
      <![CDATA[Executing class:- #TestCase_09_Test#]]>
    </line>
    <line>
      <![CDATA[Home page is visible successfully]]>
    </line>
    <line>
      <![CDATA[User is navigated to ALL PRODUCTS page successfully]]>
    </line>
    <line>
      <![CDATA['SEARCHED PRODUCTS' is visible]]>
    </line>
    <line>
      <![CDATA[Product related to search is visible: Blue Top]]>
    </line>
    <line>
      <![CDATA[Product related to search is visible: Winter Top]]>
    </line>
    <line>
      <![CDATA[Product related to search is visible: Summer White Top]]>
    </line>
    <line>
      <![CDATA[Product related to search is visible: Madame Top For Women]]>
    </line>
    <line>
      <![CDATA[Product related to search is visible: Fancy Green Top]]>
    </line>
    <line>
      <![CDATA[Product related to search is visible: Sleeves Printed Top - White]]>
    </line>
    <line>
      <![CDATA[Product related to search is visible: Half Sleeves Top Schiffli Detailing - Pink]]>
    </line>
    <line>
      <![CDATA[Product related to search is visible: Frozen Tops For Kids]]>
    </line>
    <line>
      <![CDATA[Product related to search is visible: Full Sleeves Top Cherry - Pink]]>
    </line>
    <line>
      <![CDATA[Product related to search is visible: Printed Off Shoulder Top - White]]>
    </line>
    <line>
      <![CDATA[Product related to search is visible: Sleeves Top and Short - Blue & Pink]]>
    </line>
    <line>
      <![CDATA[Product related to search is not visible: Little Girls Mr. Panda  Shirt]]>
    </line>
    <line>
      <![CDATA[Product related to search is visible: Colour Blocked Shirt – Sky Blue]]>
    </line>
    <line>
      <![CDATA[Product related to search is visible: Lace Top For Women]]>
    </line>
    <line>
      <![CDATA[Browser closed: edge]]>
    </line>
    <line>
      <![CDATA[Test execution completed by: Aditya]]>
    </line>
    <line>
      <![CDATA[Browser verified]]>
    </line>
    <line>
      <![CDATA[Opening: edge]]>
    </line>
    <line>
      <![CDATA[Navigating to URL: http://automationexercise.com]]>
    </line>
    <line>
      <![CDATA[Executing class:- #TestCase_10_Test#]]>
    </line>
    <line>
      <![CDATA[Home page is visible successfully]]>
    </line>
    <line>
      <![CDATA['SUBSCRIPTION' text is visible]]>
    </line>
    <line>
      <![CDATA['You have been successfully subscribed!' is visible]]>
    </line>
    <line>
      <![CDATA[Browser closed: edge]]>
    </line>
    <line>
      <![CDATA[Test execution completed by: Aditya]]>
    </line>
    <line>
      <![CDATA[Browser verified]]>
    </line>
    <line>
      <![CDATA[Opening: edge]]>
    </line>
    <line>
      <![CDATA[Navigating to URL: http://automationexercise.com]]>
    </line>
    <line>
      <![CDATA[Executing class:- #TestCase_11_Test#]]>
    </line>
    <line>
      <![CDATA[Home page is visible successfully]]>
    </line>
    <line>
      <![CDATA['SUBSCRIPTION' text is visible]]>
    </line>
    <line>
      <![CDATA['You have been successfully subscribed!' is visible]]>
    </line>
    <line>
      <![CDATA[Browser closed: edge]]>
    </line>
    <line>
      <![CDATA[Test execution completed by: Aditya]]>
    </line>
    <line>
      <![CDATA[Browser verified]]>
    </line>
    <line>
      <![CDATA[Opening: edge]]>
    </line>
    <line>
      <![CDATA[Navigating to URL: http://automationexercise.com]]>
    </line>
    <line>
      <![CDATA[Executing class:- #TestCase_12_Test#]]>
    </line>
    <line>
      <![CDATA[Home page is visible successfully]]>
    </line>
    <line>
      <![CDATA[Both products are added to Cart successfully]]>
    </line>
    <line>
      <![CDATA[Product Name: Blue Top]]>
    </line>
    <line>
      <![CDATA[Price: Rs. 500]]>
    </line>
    <line>
      <![CDATA[Quantity: 1]]>
    </line>
    <line>
      <![CDATA[Total Price: Rs. 500]]>
    </line>
    <line>
      <![CDATA[Product Name: Men Tshirt]]>
    </line>
    <line>
      <![CDATA[Price: Rs. 400]]>
    </line>
    <line>
      <![CDATA[Quantity: 1]]>
    </line>
    <line>
      <![CDATA[Total Price: Rs. 400]]>
    </line>
    <line>
      <![CDATA[Browser closed: edge]]>
    </line>
    <line>
      <![CDATA[Test execution completed by: Aditya]]>
    </line>
    <line>
      <![CDATA[Browser verified]]>
    </line>
    <line>
      <![CDATA[Opening: edge]]>
    </line>
    <line>
      <![CDATA[Navigating to URL: http://automationexercise.com]]>
    </line>
    <line>
      <![CDATA[Executing class:- #TestCase_13_Test#]]>
    </line>
    <line>
      <![CDATA[Home page is visible successfully]]>
    </line>
    <line>
      <![CDATA[Product details page is displayed]]>
    </line>
    <line>
      <![CDATA[Product quantity in cart matches expected quantity]]>
    </line>
    <line>
      <![CDATA[Browser closed: edge]]>
    </line>
    <line>
      <![CDATA[Test execution completed by: Aditya]]>
    </line>
    <line>
      <![CDATA[Browser verified]]>
    </line>
    <line>
      <![CDATA[Opening: edge]]>
    </line>
    <line>
      <![CDATA[Navigating to URL: http://automationexercise.com]]>
    </line>
    <line>
      <![CDATA[Executing class:- #TestCase_14_Test#]]>
    </line>
    <line>
      <![CDATA[Home page is visible successfully]]>
    </line>
    <line>
      <![CDATA[Cart page is displayed successfully]]>
    </line>
    <line>
      <![CDATA['ACCOUNT CREATED!' is visible]]>
    </line>
    <line>
      <![CDATA['Logged in as username' is visible]]>
    </line>
    <line>
      <![CDATA[Address Details are successfully verified]]>
    </line>
    <line>
      <![CDATA[Product Name: Blue Top]]>
    </line>
    <line>
      <![CDATA[Price: Rs. 500]]>
    </line>
    <line>
      <![CDATA[Quantity: 1]]>
    </line>
    <line>
      <![CDATA[Total Price: Rs. 500]]>
    </line>
    <line>
      <![CDATA[Product Name: Men Tshirt]]>
    </line>
    <line>
      <![CDATA[Price: Rs. 400]]>
    </line>
    <line>
      <![CDATA[Quantity: 1]]>
    </line>
    <line>
      <![CDATA[Total Price: Rs. 400]]>
    </line>
    <line>
      <![CDATA[Order review successfully verified]]>
    </line>
    <line>
      <![CDATA['Your order has been placed successfully!' verified successfully]]>
    </line>
    <line>
      <![CDATA['ACCOUNT DELETED!' is visible]]>
    </line>
    <line>
      <![CDATA[Browser closed: edge]]>
    </line>
    <line>
      <![CDATA[Test execution completed by: Aditya]]>
    </line>
    <line>
      <![CDATA[Browser verified]]>
    </line>
    <line>
      <![CDATA[Opening: edge]]>
    </line>
    <line>
      <![CDATA[Navigating to URL: http://automationexercise.com]]>
    </line>
    <line>
      <![CDATA[Executing class:- #TestCase_15_Test#]]>
    </line>
    <line>
      <![CDATA[Home page is visible successfully]]>
    </line>
    <line>
      <![CDATA['ACCOUNT CREATED!' is visible]]>
    </line>
    <line>
      <![CDATA['Logged in as username' is visible]]>
    </line>
    <line>
      <![CDATA[Cart page is displayed successfully]]>
    </line>
    <line>
      <![CDATA[Address Details are successfully verified]]>
    </line>
    <line>
      <![CDATA[Product Name: Blue Top]]>
    </line>
    <line>
      <![CDATA[Price: Rs. 500]]>
    </line>
    <line>
      <![CDATA[Quantity: 1]]>
    </line>
    <line>
      <![CDATA[Total Price: Rs. 500]]>
    </line>
    <line>
      <![CDATA[Product Name: Men Tshirt]]>
    </line>
    <line>
      <![CDATA[Price: Rs. 400]]>
    </line>
    <line>
      <![CDATA[Quantity: 1]]>
    </line>
    <line>
      <![CDATA[Total Price: Rs. 400]]>
    </line>
    <line>
      <![CDATA[Order review successfully verified]]>
    </line>
    <line>
      <![CDATA['Your order has been placed successfully!' verified successfully]]>
    </line>
    <line>
      <![CDATA['ACCOUNT DELETED!' is visible]]>
    </line>
    <line>
      <![CDATA[Browser closed: edge]]>
    </line>
    <line>
      <![CDATA[Test execution completed by: Aditya]]>
    </line>
    <line>
      <![CDATA[Browser verified]]>
    </line>
    <line>
      <![CDATA[Opening: edge]]>
    </line>
    <line>
      <![CDATA[Navigating to URL: http://automationexercise.com]]>
    </line>
    <line>
      <![CDATA[Executing class:- #TestCase_16_Test#]]>
    </line>
    <line>
      <![CDATA[Home page is visible successfully]]>
    </line>
    <line>
      <![CDATA['Logged in as username' is visibleLogged in as Aditya]]>
    </line>
    <line>
      <![CDATA[Cart page is displayed successfully]]>
    </line>
    <line>
      <![CDATA[Address Details are successfully verified]]>
    </line>
    <line>
      <![CDATA[Product Name: Blue Top]]>
    </line>
    <line>
      <![CDATA[Price: Rs. 500]]>
    </line>
    <line>
      <![CDATA[Quantity: 1]]>
    </line>
    <line>
      <![CDATA[Total Price: Rs. 500]]>
    </line>
    <line>
      <![CDATA[Product Name: Men Tshirt]]>
    </line>
    <line>
      <![CDATA[Price: Rs. 400]]>
    </line>
    <line>
      <![CDATA[Quantity: 1]]>
    </line>
    <line>
      <![CDATA[Total Price: Rs. 400]]>
    </line>
    <line>
      <![CDATA[Order review successfully verified]]>
    </line>
    <line>
      <![CDATA['Your order has been placed successfully!' verified successfully]]>
    </line>
    <line>
      <![CDATA['ACCOUNT DELETED!' is visible]]>
    </line>
    <line>
      <![CDATA[Browser closed: edge]]>
    </line>
    <line>
      <![CDATA[Test execution completed by: Aditya]]>
    </line>
    <line>
      <![CDATA[Browser verified]]>
    </line>
    <line>
      <![CDATA[Opening: edge]]>
    </line>
    <line>
      <![CDATA[Navigating to URL: http://automationexercise.com]]>
    </line>
    <line>
      <![CDATA[Executing class:- #TestCase_17_Test#]]>
    </line>
    <line>
      <![CDATA[Home page is visible successfully]]>
    </line>
    <line>
      <![CDATA[Cart page is displayed successfully]]>
    </line>
    <line>
      <![CDATA[Initial items in cart: 2]]>
    </line>
    <line>
      <![CDATA[Item deleted successfully]]>
    </line>
    <line>
      <![CDATA[Updated items in cart: 1]]>
    </line>
    <line>
      <![CDATA[Product was successfully removed from cart]]>
    </line>
    <line>
      <![CDATA[Browser closed: edge]]>
    </line>
    <line>
      <![CDATA[Test execution completed by: Aditya]]>
    </line>
    <line>
      <![CDATA[Browser verified]]>
    </line>
    <line>
      <![CDATA[Opening: edge]]>
    </line>
    <line>
      <![CDATA[Navigating to URL: http://automationexercise.com]]>
    </line>
    <line>
      <![CDATA[Executing class:- #TestCase_18_Test#]]>
    </line>
    <line>
      <![CDATA[Categories section is visible on left side bar]]>
    </line>
    <line>
      <![CDATA[Clicked on Women category]]>
    </line>
    <line>
      <![CDATA[Clicked on Dress subcategory]]>
    </line>
    <line>
      <![CDATA[Category page is displayed with correct title: WOMEN - DRESS PRODUCTS]]>
    </line>
    <line>
      <![CDATA[Clicked on TShirt subcategory under Men]]>
    </line>
    <line>
      <![CDATA[Successfully navigated to Men's TShirt category page: MEN - TSHIRTS PRODUCTS]]>
    </line>
    <line>
      <![CDATA[Browser closed: edge]]>
    </line>
    <line>
      <![CDATA[Test execution completed by: Aditya]]>
    </line>
    <line>
      <![CDATA[Browser verified]]>
    </line>
    <line>
      <![CDATA[Opening: edge]]>
    </line>
    <line>
      <![CDATA[Navigating to URL: http://automationexercise.com]]>
    </line>
    <line>
      <![CDATA[Executing class:- #TestCase_19_Test#]]>
    </line>
    <line>
      <![CDATA[Brands section is visible on left side bar]]>
    </line>
    <line>
      <![CDATA[Successfully navigated to BRAND - POLO PRODUCTS brand page]]>
    </line>
    <line>
      <![CDATA[Brand products are displayed successfully]]>
    </line>
    <line>
      <![CDATA[Successfully navigated to BRAND - H&M PRODUCTS brand page]]>
    </line>
    <line>
      <![CDATA[Brand products are displayed successfully]]>
    </line>
    <line>
      <![CDATA[Browser closed: edge]]>
    </line>
    <line>
      <![CDATA[Test execution completed by: Aditya]]>
    </line>
    <line>
      <![CDATA[Browser verified]]>
    </line>
    <line>
      <![CDATA[Opening: edge]]>
    </line>
    <line>
      <![CDATA[Navigating to URL: http://automationexercise.com]]>
    </line>
    <line>
      <![CDATA[Executing class:- #TestCase_20_Test#]]>
    </line>
    <line>
      <![CDATA[User is navigated to ALL PRODUCTS page successfully]]>
    </line>
    <line>
      <![CDATA['SEARCHED PRODUCTS' is visible]]>
    </line>
    <line>
      <![CDATA[Product related to search is visible: Sleeveless  Dress]]>
    </line>
    <line>
      <![CDATA[Product related to search is visible: Stylish Dress]]>
    </line>
    <line>
      <![CDATA[Product related to search is visible: Sleeves Top and Short - Blue & Pink]]>
    </line>
    <line>
      <![CDATA[Product related to search is visible: Sleeveless Unicorn Patch Gown - Pink]]>
    </line>
    <line>
      <![CDATA[Product related to search is visible:  Cotton Mull Embroidered Dress]]>
    </line>
    <line>
      <![CDATA[Product related to search is visible: Blue Cotton Indie Mickey Dress]]>
    </line>
    <line>
      <![CDATA[Product related to search is visible: Long Maxi Tulle Fancy Dress Up Outfits -Pink]]>
    </line>
    <line>
      <![CDATA[Product related to search is visible: Sleeveless Unicorn Print Fit & Flare Net Dress - Multi]]>
    </line>
    <line>
      <![CDATA[Product related to search is visible: Rose Pink Embroidered Maxi Dress]]>
    </line>
    <line>
      <![CDATA[Added 9 products to cart]]>
    </line>
    <line>
      <![CDATA[All 9 products are visible in cart]]>
    </line>
    <line>
      <![CDATA[Logged in successfully]]>
    </line>
    <line>
      <![CDATA[Browser closed: edge]]>
    </line>
    <line>
      <![CDATA[Test execution completed by: Aditya]]>
    </line>
    <line>
      <![CDATA[Browser verified]]>
    </line>
    <line>
      <![CDATA[Opening: edge]]>
    </line>
    <line>
      <![CDATA[Navigating to URL: http://automationexercise.com]]>
    </line>
    <line>
      <![CDATA[Executing class:- #TestCase_21_Test#]]>
    </line>
    <line>
      <![CDATA[User is navigated to ALL PRODUCTS page successfully]]>
    </line>
    <line>
      <![CDATA['Write Your Review' section is visible]]>
    </line>
    <line>
      <![CDATA[Entered review details]]>
    </line>
    <line>
      <![CDATA['Thank you for your review.' is visible ]]>
    </line>
    <line>
      <![CDATA[Browser closed: edge]]>
    </line>
    <line>
      <![CDATA[Test execution completed by: Aditya]]>
    </line>
    <line>
      <![CDATA[Browser verified]]>
    </line>
    <line>
      <![CDATA[Opening: edge]]>
    </line>
    <line>
      <![CDATA[Navigating to URL: http://automationexercise.com]]>
    </line>
    <line>
      <![CDATA[Executing class:- #TestCase_22_Test#]]>
    </line>
    <line>
      <![CDATA[Scrolled to bottom of page]]>
    </line>
    <line>
      <![CDATA['RECOMMENDED ITEMS' section is visible]]>
    </line>
    <line>
      <![CDATA[Product 'Blue Top' is displayed in cart page]]>
    </line>
    <line>
      <![CDATA[Browser closed: edge]]>
    </line>
    <line>
      <![CDATA[Test execution completed by: Aditya]]>
    </line>
    <line>
      <![CDATA[Browser verified]]>
    </line>
    <line>
      <![CDATA[Opening: edge]]>
    </line>
    <line>
      <![CDATA[Navigating to URL: http://automationexercise.com]]>
    </line>
    <line>
      <![CDATA[Executing class:- #TestCase_23_Test#]]>
    </line>
    <line>
      <![CDATA[Home page is visible successfully]]>
    </line>
    <line>
      <![CDATA['ACCOUNT CREATED!' is visible]]>
    </line>
    <line>
      <![CDATA['Logged in as username' is visible]]>
    </line>
    <line>
      <![CDATA[Cart page is displayed successfully]]>
    </line>
    <line>
      <![CDATA[Delivery address matches registration address]]>
    </line>
    <line>
      <![CDATA[Billing address matches registration address]]>
    </line>
    <line>
      <![CDATA['ACCOUNT DELETED!' is visible]]>
    </line>
    <line>
      <![CDATA[Browser closed: edge]]>
    </line>
    <line>
      <![CDATA[Test execution completed by: Aditya]]>
    </line>
    <line>
      <![CDATA[Browser verified]]>
    </line>
    <line>
      <![CDATA[Opening: edge]]>
    </line>
    <line>
      <![CDATA[Navigating to URL: http://automationexercise.com]]>
    </line>
    <line>
      <![CDATA[Executing class:- #TestCase_24_Test#]]>
    </line>
    <line>
      <![CDATA[Home page is visible successfully]]>
    </line>
    <line>
      <![CDATA[Cart page is displayed successfully]]>
    </line>
    <line>
      <![CDATA['ACCOUNT CREATED!' is visible]]>
    </line>
    <line>
      <![CDATA['Logged in as username' is visible]]>
    </line>
    <line>
      <![CDATA[Address Details are successfully verified]]>
    </line>
    <line>
      <![CDATA[Product Name: Blue Top]]>
    </line>
    <line>
      <![CDATA[Price: Rs. 500]]>
    </line>
    <line>
      <![CDATA[Quantity: 1]]>
    </line>
    <line>
      <![CDATA[Total Price: Rs. 500]]>
    </line>
    <line>
      <![CDATA[Product Name: Men Tshirt]]>
    </line>
    <line>
      <![CDATA[Price: Rs. 400]]>
    </line>
    <line>
      <![CDATA[Quantity: 1]]>
    </line>
    <line>
      <![CDATA[Total Price: Rs. 400]]>
    </line>
    <line>
      <![CDATA[Order review successfully verified]]>
    </line>
    <line>
      <![CDATA['Your order has been placed successfully!' verified successfully]]>
    </line>
    <line>
      <![CDATA[invoice is downloaded successfully]]>
    </line>
    <line>
      <![CDATA['ACCOUNT DELETED!' is visible]]>
    </line>
    <line>
      <![CDATA[Browser closed: edge]]>
    </line>
    <line>
      <![CDATA[Test execution completed by: Aditya]]>
    </line>
    <line>
      <![CDATA[Browser verified]]>
    </line>
    <line>
      <![CDATA[Opening: edge]]>
    </line>
    <line>
      <![CDATA[Navigating to URL: http://automationexercise.com]]>
    </line>
    <line>
      <![CDATA[Executing class:- #TestCase_25_Test#]]>
    </line>
    <line>
      <![CDATA[Home page is visible successfully]]>
    </line>
    <line>
      <![CDATA[Scrolled to bottom of page]]>
    </line>
    <line>
      <![CDATA['SUBSCRIPTION' text is visible]]>
    </line>
    <line>
      <![CDATA[Clicked on scroll up arrow]]>
    </line>
    <line>
      <![CDATA[Page is scrolled up and text is visible]]>
    </line>
    <line>
      <![CDATA[Browser closed: edge]]>
    </line>
    <line>
      <![CDATA[Test execution completed by: Aditya]]>
    </line>
    <line>
      <![CDATA[Browser verified]]>
    </line>
    <line>
      <![CDATA[Opening: edge]]>
    </line>
    <line>
      <![CDATA[Navigating to URL: http://automationexercise.com]]>
    </line>
    <line>
      <![CDATA[Executing class:- #TestCase_26_Test#]]>
    </line>
    <line>
      <![CDATA[Home page is visible successfully]]>
    </line>
    <line>
      <![CDATA[Scrolled to bottom of page]]>
    </line>
    <line>
      <![CDATA['SUBSCRIPTION' text is visible]]>
    </line>
    <line>
      <![CDATA[Scrolled back to top of page]]>
    </line>
    <line>
      <![CDATA[Page is scrolled up and text is visible]]>
    </line>
    <line>
      <![CDATA[Browser closed: edge]]>
    </line>
    <line>
      <![CDATA[Test execution completed by: Aditya]]>
    </line>
  </reporter-output>
  <suite started-at="2025-05-09T22:45:59 IST" name="RegressionSuite" finished-at="2025-05-09T22:54:43 IST" duration-ms="524008">
    <groups>
    </groups>
    <test started-at="2025-05-09T22:45:59 IST" name="Test" finished-at="2025-05-09T22:54:43 IST" duration-ms="524008">
      <class name="Product_Test.TestCase_22_Test">
        <test-method is-config="true" signature="browserSetup(java.lang.String,java.lang.String)[pri:0, instance:Product_Test.TestCase_22_Test@6f4a47c7]" started-at="2025-05-09T22:53:15 IST" name="browserSetup" finished-at="2025-05-09T22:53:22 IST" duration-ms="6918" status="PASS">
          <params>
            <param index="0">
              <value>
                <![CDATA[edge]]>
              </value>
            </param>
            <param index="1">
              <value>
                <![CDATA[Aditya]]>
              </value>
            </param>
          </params>
          <reporter-output>
            <line>
              <![CDATA[Browser verified]]>
            </line>
            <line>
              <![CDATA[Opening: edge]]>
            </line>
            <line>
              <![CDATA[Navigating to URL: http://automationexercise.com]]>
            </line>
          </reporter-output>
        </test-method> <!-- browserSetup -->
        <test-method signature="Add_to_cart_from_Recommended_items()[pri:0, instance:Product_Test.TestCase_22_Test@6f4a47c7]" started-at="2025-05-09T22:53:22 IST" name="Add_to_cart_from_Recommended_items" finished-at="2025-05-09T22:53:25 IST" duration-ms="2971" status="PASS">
          <reporter-output>
            <line>
              <![CDATA[Executing class:- #TestCase_22_Test#]]>
            </line>
            <line>
              <![CDATA[Scrolled to bottom of page]]>
            </line>
            <line>
              <![CDATA['RECOMMENDED ITEMS' section is visible]]>
            </line>
            <line>
              <![CDATA[Product 'Blue Top' is displayed in cart page]]>
            </line>
          </reporter-output>
        </test-method> <!-- Add_to_cart_from_Recommended_items -->
        <test-method is-config="true" signature="closebrowser(java.lang.String,java.lang.String)[pri:0, instance:Product_Test.TestCase_22_Test@6f4a47c7]" started-at="2025-05-09T22:53:25 IST" name="closebrowser" finished-at="2025-05-09T22:53:25 IST" duration-ms="224" status="PASS">
          <params>
            <param index="0">
              <value>
                <![CDATA[edge]]>
              </value>
            </param>
            <param index="1">
              <value>
                <![CDATA[Aditya]]>
              </value>
            </param>
          </params>
          <reporter-output>
            <line>
              <![CDATA[Browser closed: edge]]>
            </line>
            <line>
              <![CDATA[Test execution completed by: Aditya]]>
            </line>
          </reporter-output>
        </test-method> <!-- closebrowser -->
      </class> <!-- Product_Test.TestCase_22_Test -->
      <class name="Product_Test.TestCase_25_Test">
        <test-method is-config="true" signature="browserSetup(java.lang.String,java.lang.String)[pri:0, instance:Product_Test.TestCase_25_Test@7dc0f706]" started-at="2025-05-09T22:54:27 IST" name="browserSetup" finished-at="2025-05-09T22:54:34 IST" duration-ms="6363" status="PASS">
          <params>
            <param index="0">
              <value>
                <![CDATA[edge]]>
              </value>
            </param>
            <param index="1">
              <value>
                <![CDATA[Aditya]]>
              </value>
            </param>
          </params>
          <reporter-output>
            <line>
              <![CDATA[Browser verified]]>
            </line>
            <line>
              <![CDATA[Opening: edge]]>
            </line>
            <line>
              <![CDATA[Navigating to URL: http://automationexercise.com]]>
            </line>
          </reporter-output>
        </test-method> <!-- browserSetup -->
        <test-method signature="Verify_Scroll_Up_using_Arrow_button_and_Scroll_Down_functionality()[pri:0, instance:Product_Test.TestCase_25_Test@7dc0f706]" started-at="2025-05-09T22:54:34 IST" name="Verify_Scroll_Up_using_Arrow_button_and_Scroll_Down_functionality" finished-at="2025-05-09T22:54:34 IST" duration-ms="195" status="PASS">
          <reporter-output>
            <line>
              <![CDATA[Executing class:- #TestCase_25_Test#]]>
            </line>
            <line>
              <![CDATA[Home page is visible successfully]]>
            </line>
            <line>
              <![CDATA[Scrolled to bottom of page]]>
            </line>
            <line>
              <![CDATA['SUBSCRIPTION' text is visible]]>
            </line>
            <line>
              <![CDATA[Clicked on scroll up arrow]]>
            </line>
            <line>
              <![CDATA[Page is scrolled up and text is visible]]>
            </line>
          </reporter-output>
        </test-method> <!-- Verify_Scroll_Up_using_Arrow_button_and_Scroll_Down_functionality -->
        <test-method is-config="true" signature="closebrowser(java.lang.String,java.lang.String)[pri:0, instance:Product_Test.TestCase_25_Test@7dc0f706]" started-at="2025-05-09T22:54:34 IST" name="closebrowser" finished-at="2025-05-09T22:54:34 IST" duration-ms="248" status="PASS">
          <params>
            <param index="0">
              <value>
                <![CDATA[edge]]>
              </value>
            </param>
            <param index="1">
              <value>
                <![CDATA[Aditya]]>
              </value>
            </param>
          </params>
          <reporter-output>
            <line>
              <![CDATA[Browser closed: edge]]>
            </line>
            <line>
              <![CDATA[Test execution completed by: Aditya]]>
            </line>
          </reporter-output>
        </test-method> <!-- closebrowser -->
      </class> <!-- Product_Test.TestCase_25_Test -->
      <class name="Product_Test.TestCase_11_Test">
        <test-method is-config="true" signature="browserSetup(java.lang.String,java.lang.String)[pri:0, instance:Product_Test.TestCase_11_Test@55b0dcab]" started-at="2025-05-09T22:48:47 IST" name="browserSetup" finished-at="2025-05-09T22:49:02 IST" duration-ms="14999" status="PASS">
          <params>
            <param index="0">
              <value>
                <![CDATA[edge]]>
              </value>
            </param>
            <param index="1">
              <value>
                <![CDATA[Aditya]]>
              </value>
            </param>
          </params>
          <reporter-output>
            <line>
              <![CDATA[Browser verified]]>
            </line>
            <line>
              <![CDATA[Opening: edge]]>
            </line>
            <line>
              <![CDATA[Navigating to URL: http://automationexercise.com]]>
            </line>
          </reporter-output>
        </test-method> <!-- browserSetup -->
        <test-method signature="Verify_Subscription_in_Cart_page()[pri:0, instance:Product_Test.TestCase_11_Test@55b0dcab]" started-at="2025-05-09T22:49:02 IST" name="Verify_Subscription_in_Cart_page" finished-at="2025-05-09T22:49:04 IST" duration-ms="2274" status="PASS">
          <reporter-output>
            <line>
              <![CDATA[Executing class:- #TestCase_11_Test#]]>
            </line>
            <line>
              <![CDATA[Home page is visible successfully]]>
            </line>
            <line>
              <![CDATA['SUBSCRIPTION' text is visible]]>
            </line>
            <line>
              <![CDATA['You have been successfully subscribed!' is visible]]>
            </line>
          </reporter-output>
        </test-method> <!-- Verify_Subscription_in_Cart_page -->
        <test-method is-config="true" signature="closebrowser(java.lang.String,java.lang.String)[pri:0, instance:Product_Test.TestCase_11_Test@55b0dcab]" started-at="2025-05-09T22:49:04 IST" name="closebrowser" finished-at="2025-05-09T22:49:04 IST" duration-ms="197" status="PASS">
          <params>
            <param index="0">
              <value>
                <![CDATA[edge]]>
              </value>
            </param>
            <param index="1">
              <value>
                <![CDATA[Aditya]]>
              </value>
            </param>
          </params>
          <reporter-output>
            <line>
              <![CDATA[Browser closed: edge]]>
            </line>
            <line>
              <![CDATA[Test execution completed by: Aditya]]>
            </line>
          </reporter-output>
        </test-method> <!-- closebrowser -->
      </class> <!-- Product_Test.TestCase_11_Test -->
      <class name="Product_Test.TestCase_08_Test">
        <test-method is-config="true" signature="browserSetup(java.lang.String,java.lang.String)[pri:0, instance:Product_Test.TestCase_08_Test@6c40365c]" started-at="2025-05-09T22:48:18 IST" name="browserSetup" finished-at="2025-05-09T22:48:24 IST" duration-ms="6038" status="PASS">
          <params>
            <param index="0">
              <value>
                <![CDATA[edge]]>
              </value>
            </param>
            <param index="1">
              <value>
                <![CDATA[Aditya]]>
              </value>
            </param>
          </params>
          <reporter-output>
            <line>
              <![CDATA[Browser verified]]>
            </line>
            <line>
              <![CDATA[Opening: edge]]>
            </line>
            <line>
              <![CDATA[Navigating to URL: http://automationexercise.com]]>
            </line>
          </reporter-output>
        </test-method> <!-- browserSetup -->
        <test-method signature="Verify_All_Products_and_product_detail_page()[pri:0, instance:Product_Test.TestCase_08_Test@6c40365c]" started-at="2025-05-09T22:48:24 IST" name="Verify_All_Products_and_product_detail_page" finished-at="2025-05-09T22:48:27 IST" duration-ms="3557" status="PASS">
          <reporter-output>
            <line>
              <![CDATA[Executing class:- #TestCase_08_Test#]]>
            </line>
            <line>
              <![CDATA[Home page is visible successfully]]>
            </line>
            <line>
              <![CDATA[User is navigated to ALL PRODUCTS page successfully]]>
            </line>
            <line>
              <![CDATA[Product list is visible]]>
            </line>
            <line>
              <![CDATA[User is landed to product details page]]>
            </line>
            <line>
              <![CDATA[Product details are visible:
Product Name: Blue Top
Product Category: Women > Tops
Product Price: Rs. 500
Product Availability: In Stock
Product Condition: Condition: New
Product Brand: Brand: Polo
]]>
            </line>
          </reporter-output>
        </test-method> <!-- Verify_All_Products_and_product_detail_page -->
        <test-method is-config="true" signature="closebrowser(java.lang.String,java.lang.String)[pri:0, instance:Product_Test.TestCase_08_Test@6c40365c]" started-at="2025-05-09T22:48:27 IST" name="closebrowser" finished-at="2025-05-09T22:48:28 IST" duration-ms="237" status="PASS">
          <params>
            <param index="0">
              <value>
                <![CDATA[edge]]>
              </value>
            </param>
            <param index="1">
              <value>
                <![CDATA[Aditya]]>
              </value>
            </param>
          </params>
          <reporter-output>
            <line>
              <![CDATA[Browser closed: edge]]>
            </line>
            <line>
              <![CDATA[Test execution completed by: Aditya]]>
            </line>
          </reporter-output>
        </test-method> <!-- closebrowser -->
      </class> <!-- Product_Test.TestCase_08_Test -->
      <class name="Product_Test.TestCase_05_Test">
        <test-method is-config="true" signature="browserSetup(java.lang.String,java.lang.String)[pri:0, instance:Product_Test.TestCase_05_Test@7d20d0b]" started-at="2025-05-09T22:47:46 IST" name="browserSetup" finished-at="2025-05-09T22:47:53 IST" duration-ms="6546" status="PASS">
          <params>
            <param index="0">
              <value>
                <![CDATA[edge]]>
              </value>
            </param>
            <param index="1">
              <value>
                <![CDATA[Aditya]]>
              </value>
            </param>
          </params>
          <reporter-output>
            <line>
              <![CDATA[Browser verified]]>
            </line>
            <line>
              <![CDATA[Opening: edge]]>
            </line>
            <line>
              <![CDATA[Navigating to URL: http://automationexercise.com]]>
            </line>
          </reporter-output>
        </test-method> <!-- browserSetup -->
        <test-method signature="Register_User_with_existing_email()[pri:0, instance:Product_Test.TestCase_05_Test@7d20d0b]" started-at="2025-05-09T22:47:53 IST" name="Register_User_with_existing_email" finished-at="2025-05-09T22:47:56 IST" duration-ms="3673" status="PASS">
          <reporter-output>
            <line>
              <![CDATA[Executing class:- #TestCase_05_Test#]]>
            </line>
            <line>
              <![CDATA[Home page is visible successfully]]>
            </line>
            <line>
              <![CDATA['New User Signup!' is visible]]>
            </line>
            <line>
              <![CDATA['Email Address already exist!' is visible]]>
            </line>
          </reporter-output>
        </test-method> <!-- Register_User_with_existing_email -->
        <test-method is-config="true" signature="closebrowser(java.lang.String,java.lang.String)[pri:0, instance:Product_Test.TestCase_05_Test@7d20d0b]" started-at="2025-05-09T22:47:56 IST" name="closebrowser" finished-at="2025-05-09T22:47:56 IST" duration-ms="202" status="PASS">
          <params>
            <param index="0">
              <value>
                <![CDATA[edge]]>
              </value>
            </param>
            <param index="1">
              <value>
                <![CDATA[Aditya]]>
              </value>
            </param>
          </params>
          <reporter-output>
            <line>
              <![CDATA[Browser closed: edge]]>
            </line>
            <line>
              <![CDATA[Test execution completed by: Aditya]]>
            </line>
          </reporter-output>
        </test-method> <!-- closebrowser -->
      </class> <!-- Product_Test.TestCase_05_Test -->
      <class name="Product_Test.TestCase_02_Test">
        <test-method is-config="true" signature="browserSetup(java.lang.String,java.lang.String)[pri:0, instance:Product_Test.TestCase_02_Test@7770f470]" started-at="2025-05-09T22:46:34 IST" name="browserSetup" finished-at="2025-05-09T22:46:42 IST" duration-ms="7969" status="PASS">
          <params>
            <param index="0">
              <value>
                <![CDATA[edge]]>
              </value>
            </param>
            <param index="1">
              <value>
                <![CDATA[Aditya]]>
              </value>
            </param>
          </params>
          <reporter-output>
            <line>
              <![CDATA[Browser verified]]>
            </line>
            <line>
              <![CDATA[Opening: edge]]>
            </line>
            <line>
              <![CDATA[Navigating to URL: http://automationexercise.com]]>
            </line>
          </reporter-output>
        </test-method> <!-- browserSetup -->
        <test-method signature="Login_User_with_correct_email_and_password()[pri:0, instance:Product_Test.TestCase_02_Test@7770f470]" started-at="2025-05-09T22:46:42 IST" name="Login_User_with_correct_email_and_password" finished-at="2025-05-09T22:47:02 IST" duration-ms="19164" status="PASS">
          <reporter-output>
            <line>
              <![CDATA[Executing class:- #TestCase_02_Test#]]>
            </line>
            <line>
              <![CDATA[Home page is visible successfully]]>
            </line>
            <line>
              <![CDATA['Login to your account' is visible]]>
            </line>
            <line>
              <![CDATA['Logged in as username' is visible:- Logged in as Aditya]]>
            </line>
            <line>
              <![CDATA['ACCOUNT DELETED!' is visible]]>
            </line>
          </reporter-output>
        </test-method> <!-- Login_User_with_correct_email_and_password -->
        <test-method is-config="true" signature="closebrowser(java.lang.String,java.lang.String)[pri:0, instance:Product_Test.TestCase_02_Test@7770f470]" started-at="2025-05-09T22:47:02 IST" name="closebrowser" finished-at="2025-05-09T22:47:02 IST" duration-ms="193" status="PASS">
          <params>
            <param index="0">
              <value>
                <![CDATA[edge]]>
              </value>
            </param>
            <param index="1">
              <value>
                <![CDATA[Aditya]]>
              </value>
            </param>
          </params>
          <reporter-output>
            <line>
              <![CDATA[Browser closed: edge]]>
            </line>
            <line>
              <![CDATA[Test execution completed by: Aditya]]>
            </line>
          </reporter-output>
        </test-method> <!-- closebrowser -->
      </class> <!-- Product_Test.TestCase_02_Test -->
      <class name="Product_Test.TestCase_13_Test">
        <test-method is-config="true" signature="browserSetup(java.lang.String,java.lang.String)[pri:0, instance:Product_Test.TestCase_13_Test@2df3b89c]" started-at="2025-05-09T22:49:19 IST" name="browserSetup" finished-at="2025-05-09T22:49:24 IST" duration-ms="5400" status="PASS">
          <params>
            <param index="0">
              <value>
                <![CDATA[edge]]>
              </value>
            </param>
            <param index="1">
              <value>
                <![CDATA[Aditya]]>
              </value>
            </param>
          </params>
          <reporter-output>
            <line>
              <![CDATA[Browser verified]]>
            </line>
            <line>
              <![CDATA[Opening: edge]]>
            </line>
            <line>
              <![CDATA[Navigating to URL: http://automationexercise.com]]>
            </line>
          </reporter-output>
        </test-method> <!-- browserSetup -->
        <test-method signature="Verify_Product_quantity_in_Cart()[pri:0, instance:Product_Test.TestCase_13_Test@2df3b89c]" started-at="2025-05-09T22:49:24 IST" name="Verify_Product_quantity_in_Cart" finished-at="2025-05-09T22:49:28 IST" duration-ms="4199" status="PASS">
          <reporter-output>
            <line>
              <![CDATA[Executing class:- #TestCase_13_Test#]]>
            </line>
            <line>
              <![CDATA[Home page is visible successfully]]>
            </line>
            <line>
              <![CDATA[Product details page is displayed]]>
            </line>
            <line>
              <![CDATA[Product quantity in cart matches expected quantity]]>
            </line>
          </reporter-output>
        </test-method> <!-- Verify_Product_quantity_in_Cart -->
        <test-method is-config="true" signature="closebrowser(java.lang.String,java.lang.String)[pri:0, instance:Product_Test.TestCase_13_Test@2df3b89c]" started-at="2025-05-09T22:49:28 IST" name="closebrowser" finished-at="2025-05-09T22:49:29 IST" duration-ms="183" status="PASS">
          <params>
            <param index="0">
              <value>
                <![CDATA[edge]]>
              </value>
            </param>
            <param index="1">
              <value>
                <![CDATA[Aditya]]>
              </value>
            </param>
          </params>
          <reporter-output>
            <line>
              <![CDATA[Browser closed: edge]]>
            </line>
            <line>
              <![CDATA[Test execution completed by: Aditya]]>
            </line>
          </reporter-output>
        </test-method> <!-- closebrowser -->
      </class> <!-- Product_Test.TestCase_13_Test -->
      <class name="Product_Test.TestCase_24_Test">
        <test-method is-config="true" signature="browserSetup(java.lang.String,java.lang.String)[pri:0, instance:Product_Test.TestCase_24_Test@3d34d211]" started-at="2025-05-09T22:53:50 IST" name="browserSetup" finished-at="2025-05-09T22:53:57 IST" duration-ms="6724" status="PASS">
          <params>
            <param index="0">
              <value>
                <![CDATA[edge]]>
              </value>
            </param>
            <param index="1">
              <value>
                <![CDATA[Aditya]]>
              </value>
            </param>
          </params>
          <reporter-output>
            <line>
              <![CDATA[Browser verified]]>
            </line>
            <line>
              <![CDATA[Opening: edge]]>
            </line>
            <line>
              <![CDATA[Navigating to URL: http://automationexercise.com]]>
            </line>
          </reporter-output>
        </test-method> <!-- browserSetup -->
        <test-method signature="Download_Invoice_after_purchase_order()[pri:0, instance:Product_Test.TestCase_24_Test@3d34d211]" started-at="2025-05-09T22:53:57 IST" name="Download_Invoice_after_purchase_order" finished-at="2025-05-09T22:54:27 IST" duration-ms="29935" status="PASS">
          <reporter-output>
            <line>
              <![CDATA[Executing class:- #TestCase_24_Test#]]>
            </line>
            <line>
              <![CDATA[Home page is visible successfully]]>
            </line>
            <line>
              <![CDATA[Cart page is displayed successfully]]>
            </line>
            <line>
              <![CDATA['ACCOUNT CREATED!' is visible]]>
            </line>
            <line>
              <![CDATA['Logged in as username' is visible]]>
            </line>
            <line>
              <![CDATA[Address Details are successfully verified]]>
            </line>
            <line>
              <![CDATA[Product Name: Blue Top]]>
            </line>
            <line>
              <![CDATA[Price: Rs. 500]]>
            </line>
            <line>
              <![CDATA[Quantity: 1]]>
            </line>
            <line>
              <![CDATA[Total Price: Rs. 500]]>
            </line>
            <line>
              <![CDATA[Product Name: Men Tshirt]]>
            </line>
            <line>
              <![CDATA[Price: Rs. 400]]>
            </line>
            <line>
              <![CDATA[Quantity: 1]]>
            </line>
            <line>
              <![CDATA[Total Price: Rs. 400]]>
            </line>
            <line>
              <![CDATA[Order review successfully verified]]>
            </line>
            <line>
              <![CDATA['Your order has been placed successfully!' verified successfully]]>
            </line>
            <line>
              <![CDATA[invoice is downloaded successfully]]>
            </line>
            <line>
              <![CDATA['ACCOUNT DELETED!' is visible]]>
            </line>
          </reporter-output>
        </test-method> <!-- Download_Invoice_after_purchase_order -->
        <test-method is-config="true" signature="closebrowser(java.lang.String,java.lang.String)[pri:0, instance:Product_Test.TestCase_24_Test@3d34d211]" started-at="2025-05-09T22:54:27 IST" name="closebrowser" finished-at="2025-05-09T22:54:27 IST" duration-ms="238" status="PASS">
          <params>
            <param index="0">
              <value>
                <![CDATA[edge]]>
              </value>
            </param>
            <param index="1">
              <value>
                <![CDATA[Aditya]]>
              </value>
            </param>
          </params>
          <reporter-output>
            <line>
              <![CDATA[Browser closed: edge]]>
            </line>
            <line>
              <![CDATA[Test execution completed by: Aditya]]>
            </line>
          </reporter-output>
        </test-method> <!-- closebrowser -->
      </class> <!-- Product_Test.TestCase_24_Test -->
      <class name="Product_Test.TestCase_19_Test">
        <test-method is-config="true" signature="browserSetup(java.lang.String,java.lang.String)[pri:0, instance:Product_Test.TestCase_19_Test@6200f9cb]" started-at="2025-05-09T22:51:50 IST" name="browserSetup" finished-at="2025-05-09T22:51:57 IST" duration-ms="7439" status="PASS">
          <params>
            <param index="0">
              <value>
                <![CDATA[edge]]>
              </value>
            </param>
            <param index="1">
              <value>
                <![CDATA[Aditya]]>
              </value>
            </param>
          </params>
          <reporter-output>
            <line>
              <![CDATA[Browser verified]]>
            </line>
            <line>
              <![CDATA[Opening: edge]]>
            </line>
            <line>
              <![CDATA[Navigating to URL: http://automationexercise.com]]>
            </line>
          </reporter-output>
        </test-method> <!-- browserSetup -->
        <test-method signature="View_and_Cart_Brand_Products()[pri:0, instance:Product_Test.TestCase_19_Test@6200f9cb]" started-at="2025-05-09T22:51:57 IST" name="View_and_Cart_Brand_Products" finished-at="2025-05-09T22:52:26 IST" duration-ms="28754" status="PASS">
          <reporter-output>
            <line>
              <![CDATA[Executing class:- #TestCase_19_Test#]]>
            </line>
            <line>
              <![CDATA[Brands section is visible on left side bar]]>
            </line>
            <line>
              <![CDATA[Successfully navigated to BRAND - POLO PRODUCTS brand page]]>
            </line>
            <line>
              <![CDATA[Brand products are displayed successfully]]>
            </line>
            <line>
              <![CDATA[Successfully navigated to BRAND - H&M PRODUCTS brand page]]>
            </line>
            <line>
              <![CDATA[Brand products are displayed successfully]]>
            </line>
          </reporter-output>
        </test-method> <!-- View_and_Cart_Brand_Products -->
        <test-method is-config="true" signature="closebrowser(java.lang.String,java.lang.String)[pri:0, instance:Product_Test.TestCase_19_Test@6200f9cb]" started-at="2025-05-09T22:52:26 IST" name="closebrowser" finished-at="2025-05-09T22:52:26 IST" duration-ms="241" status="PASS">
          <params>
            <param index="0">
              <value>
                <![CDATA[edge]]>
              </value>
            </param>
            <param index="1">
              <value>
                <![CDATA[Aditya]]>
              </value>
            </param>
          </params>
          <reporter-output>
            <line>
              <![CDATA[Browser closed: edge]]>
            </line>
            <line>
              <![CDATA[Test execution completed by: Aditya]]>
            </line>
          </reporter-output>
        </test-method> <!-- closebrowser -->
      </class> <!-- Product_Test.TestCase_19_Test -->
      <class name="Product_Test.TestCase_20_Test">
        <test-method is-config="true" signature="browserSetup(java.lang.String,java.lang.String)[pri:0, instance:Product_Test.TestCase_20_Test@2002fc1d]" started-at="2025-05-09T22:52:26 IST" name="browserSetup" finished-at="2025-05-09T22:52:32 IST" duration-ms="6365" status="PASS">
          <params>
            <param index="0">
              <value>
                <![CDATA[edge]]>
              </value>
            </param>
            <param index="1">
              <value>
                <![CDATA[Aditya]]>
              </value>
            </param>
          </params>
          <reporter-output>
            <line>
              <![CDATA[Browser verified]]>
            </line>
            <line>
              <![CDATA[Opening: edge]]>
            </line>
            <line>
              <![CDATA[Navigating to URL: http://automationexercise.com]]>
            </line>
          </reporter-output>
        </test-method> <!-- browserSetup -->
        <test-method signature="Search_Products_and_Verify_Cart_After_Login()[pri:0, instance:Product_Test.TestCase_20_Test@2002fc1d]" started-at="2025-05-09T22:52:32 IST" name="Search_Products_and_Verify_Cart_After_Login" finished-at="2025-05-09T22:53:03 IST" duration-ms="30818" status="PASS">
          <reporter-output>
            <line>
              <![CDATA[Executing class:- #TestCase_20_Test#]]>
            </line>
            <line>
              <![CDATA[User is navigated to ALL PRODUCTS page successfully]]>
            </line>
            <line>
              <![CDATA['SEARCHED PRODUCTS' is visible]]>
            </line>
            <line>
              <![CDATA[Product related to search is visible: Sleeveless  Dress]]>
            </line>
            <line>
              <![CDATA[Product related to search is visible: Stylish Dress]]>
            </line>
            <line>
              <![CDATA[Product related to search is visible: Sleeves Top and Short - Blue & Pink]]>
            </line>
            <line>
              <![CDATA[Product related to search is visible: Sleeveless Unicorn Patch Gown - Pink]]>
            </line>
            <line>
              <![CDATA[Product related to search is visible:  Cotton Mull Embroidered Dress]]>
            </line>
            <line>
              <![CDATA[Product related to search is visible: Blue Cotton Indie Mickey Dress]]>
            </line>
            <line>
              <![CDATA[Product related to search is visible: Long Maxi Tulle Fancy Dress Up Outfits -Pink]]>
            </line>
            <line>
              <![CDATA[Product related to search is visible: Sleeveless Unicorn Print Fit & Flare Net Dress - Multi]]>
            </line>
            <line>
              <![CDATA[Product related to search is visible: Rose Pink Embroidered Maxi Dress]]>
            </line>
            <line>
              <![CDATA[Added 9 products to cart]]>
            </line>
            <line>
              <![CDATA[All 9 products are visible in cart]]>
            </line>
            <line>
              <![CDATA[Logged in successfully]]>
            </line>
          </reporter-output>
        </test-method> <!-- Search_Products_and_Verify_Cart_After_Login -->
        <test-method is-config="true" signature="closebrowser(java.lang.String,java.lang.String)[pri:0, instance:Product_Test.TestCase_20_Test@2002fc1d]" started-at="2025-05-09T22:53:03 IST" name="closebrowser" finished-at="2025-05-09T22:53:04 IST" duration-ms="258" status="PASS">
          <params>
            <param index="0">
              <value>
                <![CDATA[edge]]>
              </value>
            </param>
            <param index="1">
              <value>
                <![CDATA[Aditya]]>
              </value>
            </param>
          </params>
          <reporter-output>
            <line>
              <![CDATA[Browser closed: edge]]>
            </line>
            <line>
              <![CDATA[Test execution completed by: Aditya]]>
            </line>
          </reporter-output>
        </test-method> <!-- closebrowser -->
      </class> <!-- Product_Test.TestCase_20_Test -->
      <class name="Product_Test.TestCase_16_Test">
        <test-method is-config="true" signature="browserSetup(java.lang.String,java.lang.String)[pri:0, instance:Product_Test.TestCase_16_Test@37ceb1df]" started-at="2025-05-09T22:50:42 IST" name="browserSetup" finished-at="2025-05-09T22:50:49 IST" duration-ms="6841" status="PASS">
          <params>
            <param index="0">
              <value>
                <![CDATA[edge]]>
              </value>
            </param>
            <param index="1">
              <value>
                <![CDATA[Aditya]]>
              </value>
            </param>
          </params>
          <reporter-output>
            <line>
              <![CDATA[Browser verified]]>
            </line>
            <line>
              <![CDATA[Opening: edge]]>
            </line>
            <line>
              <![CDATA[Navigating to URL: http://automationexercise.com]]>
            </line>
          </reporter-output>
        </test-method> <!-- browserSetup -->
        <test-method signature="Place_Order_Login_before_Checkout()[pri:0, instance:Product_Test.TestCase_16_Test@37ceb1df]" started-at="2025-05-09T22:50:49 IST" name="Place_Order_Login_before_Checkout" finished-at="2025-05-09T22:51:21 IST" duration-ms="31917" status="PASS">
          <reporter-output>
            <line>
              <![CDATA[Executing class:- #TestCase_16_Test#]]>
            </line>
            <line>
              <![CDATA[Home page is visible successfully]]>
            </line>
            <line>
              <![CDATA['Logged in as username' is visibleLogged in as Aditya]]>
            </line>
            <line>
              <![CDATA[Cart page is displayed successfully]]>
            </line>
            <line>
              <![CDATA[Address Details are successfully verified]]>
            </line>
            <line>
              <![CDATA[Product Name: Blue Top]]>
            </line>
            <line>
              <![CDATA[Price: Rs. 500]]>
            </line>
            <line>
              <![CDATA[Quantity: 1]]>
            </line>
            <line>
              <![CDATA[Total Price: Rs. 500]]>
            </line>
            <line>
              <![CDATA[Product Name: Men Tshirt]]>
            </line>
            <line>
              <![CDATA[Price: Rs. 400]]>
            </line>
            <line>
              <![CDATA[Quantity: 1]]>
            </line>
            <line>
              <![CDATA[Total Price: Rs. 400]]>
            </line>
            <line>
              <![CDATA[Order review successfully verified]]>
            </line>
            <line>
              <![CDATA['Your order has been placed successfully!' verified successfully]]>
            </line>
            <line>
              <![CDATA['ACCOUNT DELETED!' is visible]]>
            </line>
          </reporter-output>
        </test-method> <!-- Place_Order_Login_before_Checkout -->
        <test-method is-config="true" signature="closebrowser(java.lang.String,java.lang.String)[pri:0, instance:Product_Test.TestCase_16_Test@37ceb1df]" started-at="2025-05-09T22:51:21 IST" name="closebrowser" finished-at="2025-05-09T22:51:21 IST" duration-ms="217" status="PASS">
          <params>
            <param index="0">
              <value>
                <![CDATA[edge]]>
              </value>
            </param>
            <param index="1">
              <value>
                <![CDATA[Aditya]]>
              </value>
            </param>
          </params>
          <reporter-output>
            <line>
              <![CDATA[Browser closed: edge]]>
            </line>
            <line>
              <![CDATA[Test execution completed by: Aditya]]>
            </line>
          </reporter-output>
        </test-method> <!-- closebrowser -->
      </class> <!-- Product_Test.TestCase_16_Test -->
      <class name="Product_Test.TestCase_01_Test">
        <test-method is-config="true" signature="browserSetup(java.lang.String,java.lang.String)[pri:0, instance:Product_Test.TestCase_01_Test@4c178a76]" started-at="2025-05-09T22:45:59 IST" name="browserSetup" finished-at="2025-05-09T22:46:12 IST" duration-ms="13251" status="PASS">
          <params>
            <param index="0">
              <value>
                <![CDATA[edge]]>
              </value>
            </param>
            <param index="1">
              <value>
                <![CDATA[Aditya]]>
              </value>
            </param>
          </params>
          <reporter-output>
            <line>
              <![CDATA[Browser verified]]>
            </line>
            <line>
              <![CDATA[Opening: edge]]>
            </line>
            <line>
              <![CDATA[Navigating to URL: http://automationexercise.com]]>
            </line>
          </reporter-output>
        </test-method> <!-- browserSetup -->
        <test-method signature="Register_User()[pri:0, instance:Product_Test.TestCase_01_Test@4c178a76]" started-at="2025-05-09T22:46:12 IST" name="Register_User" finished-at="2025-05-09T22:46:34 IST" duration-ms="22320" status="PASS">
          <reporter-output>
            <line>
              <![CDATA[Executing class:- #TestCase_01_Test#]]>
            </line>
            <line>
              <![CDATA[Home page is visible successfully]]>
            </line>
            <line>
              <![CDATA['New User Signup!' is visible]]>
            </line>
            <line>
              <![CDATA['ENTER ACCOUNT INFORMATION' is visible]]>
            </line>
            <line>
              <![CDATA['ACCOUNT CREATED!' is visible]]>
            </line>
            <line>
              <![CDATA['Logged in as username' is visible]]>
            </line>
            <line>
              <![CDATA['ACCOUNT DELETED!' is visible]]>
            </line>
          </reporter-output>
        </test-method> <!-- Register_User -->
        <test-method is-config="true" signature="closebrowser(java.lang.String,java.lang.String)[pri:0, instance:Product_Test.TestCase_01_Test@4c178a76]" started-at="2025-05-09T22:46:34 IST" name="closebrowser" finished-at="2025-05-09T22:46:34 IST" duration-ms="189" status="PASS">
          <params>
            <param index="0">
              <value>
                <![CDATA[edge]]>
              </value>
            </param>
            <param index="1">
              <value>
                <![CDATA[Aditya]]>
              </value>
            </param>
          </params>
          <reporter-output>
            <line>
              <![CDATA[Browser closed: edge]]>
            </line>
            <line>
              <![CDATA[Test execution completed by: Aditya]]>
            </line>
          </reporter-output>
        </test-method> <!-- closebrowser -->
      </class> <!-- Product_Test.TestCase_01_Test -->
      <class name="Product_Test.TestCase_04_Test">
        <test-method is-config="true" signature="browserSetup(java.lang.String,java.lang.String)[pri:0, instance:Product_Test.TestCase_04_Test@24313fcc]" started-at="2025-05-09T22:47:12 IST" name="browserSetup" finished-at="2025-05-09T22:47:18 IST" duration-ms="6466" status="PASS">
          <params>
            <param index="0">
              <value>
                <![CDATA[edge]]>
              </value>
            </param>
            <param index="1">
              <value>
                <![CDATA[Aditya]]>
              </value>
            </param>
          </params>
          <reporter-output>
            <line>
              <![CDATA[Browser verified]]>
            </line>
            <line>
              <![CDATA[Opening: edge]]>
            </line>
            <line>
              <![CDATA[Navigating to URL: http://automationexercise.com]]>
            </line>
          </reporter-output>
        </test-method> <!-- browserSetup -->
        <test-method signature="Logout_User()[pri:0, instance:Product_Test.TestCase_04_Test@24313fcc]" started-at="2025-05-09T22:47:18 IST" name="Logout_User" finished-at="2025-05-09T22:47:46 IST" duration-ms="27251" status="PASS">
          <reporter-output>
            <line>
              <![CDATA[Executing class:- #TestCase_04_Test#]]>
            </line>
            <line>
              <![CDATA[Home page is visible successfully]]>
            </line>
            <line>
              <![CDATA['Login to your account' is visible]]>
            </line>
            <line>
              <![CDATA['Logged in as username' is visible:- Logged in as Aditya]]>
            </line>
            <line>
              <![CDATA[User is navigated to login page]]>
            </line>
          </reporter-output>
        </test-method> <!-- Logout_User -->
        <test-method is-config="true" signature="closebrowser(java.lang.String,java.lang.String)[pri:0, instance:Product_Test.TestCase_04_Test@24313fcc]" started-at="2025-05-09T22:47:46 IST" name="closebrowser" finished-at="2025-05-09T22:47:46 IST" duration-ms="228" status="PASS">
          <params>
            <param index="0">
              <value>
                <![CDATA[edge]]>
              </value>
            </param>
            <param index="1">
              <value>
                <![CDATA[Aditya]]>
              </value>
            </param>
          </params>
          <reporter-output>
            <line>
              <![CDATA[Browser closed: edge]]>
            </line>
            <line>
              <![CDATA[Test execution completed by: Aditya]]>
            </line>
          </reporter-output>
        </test-method> <!-- closebrowser -->
      </class> <!-- Product_Test.TestCase_04_Test -->
      <class name="Product_Test.TestCase_15_Test">
        <test-method is-config="true" signature="browserSetup(java.lang.String,java.lang.String)[pri:0, instance:Product_Test.TestCase_15_Test@70325e14]" started-at="2025-05-09T22:50:06 IST" name="browserSetup" finished-at="2025-05-09T22:50:13 IST" duration-ms="7129" status="PASS">
          <params>
            <param index="0">
              <value>
                <![CDATA[edge]]>
              </value>
            </param>
            <param index="1">
              <value>
                <![CDATA[Aditya]]>
              </value>
            </param>
          </params>
          <reporter-output>
            <line>
              <![CDATA[Browser verified]]>
            </line>
            <line>
              <![CDATA[Opening: edge]]>
            </line>
            <line>
              <![CDATA[Navigating to URL: http://automationexercise.com]]>
            </line>
          </reporter-output>
        </test-method> <!-- browserSetup -->
        <test-method signature="PlaceOrder_Register_before_Checkout()[pri:0, instance:Product_Test.TestCase_15_Test@70325e14]" started-at="2025-05-09T22:50:13 IST" name="PlaceOrder_Register_before_Checkout" finished-at="2025-05-09T22:50:42 IST" duration-ms="28318" status="PASS">
          <reporter-output>
            <line>
              <![CDATA[Executing class:- #TestCase_15_Test#]]>
            </line>
            <line>
              <![CDATA[Home page is visible successfully]]>
            </line>
            <line>
              <![CDATA['ACCOUNT CREATED!' is visible]]>
            </line>
            <line>
              <![CDATA['Logged in as username' is visible]]>
            </line>
            <line>
              <![CDATA[Cart page is displayed successfully]]>
            </line>
            <line>
              <![CDATA[Address Details are successfully verified]]>
            </line>
            <line>
              <![CDATA[Product Name: Blue Top]]>
            </line>
            <line>
              <![CDATA[Price: Rs. 500]]>
            </line>
            <line>
              <![CDATA[Quantity: 1]]>
            </line>
            <line>
              <![CDATA[Total Price: Rs. 500]]>
            </line>
            <line>
              <![CDATA[Product Name: Men Tshirt]]>
            </line>
            <line>
              <![CDATA[Price: Rs. 400]]>
            </line>
            <line>
              <![CDATA[Quantity: 1]]>
            </line>
            <line>
              <![CDATA[Total Price: Rs. 400]]>
            </line>
            <line>
              <![CDATA[Order review successfully verified]]>
            </line>
            <line>
              <![CDATA['Your order has been placed successfully!' verified successfully]]>
            </line>
            <line>
              <![CDATA['ACCOUNT DELETED!' is visible]]>
            </line>
          </reporter-output>
        </test-method> <!-- PlaceOrder_Register_before_Checkout -->
        <test-method is-config="true" signature="closebrowser(java.lang.String,java.lang.String)[pri:0, instance:Product_Test.TestCase_15_Test@70325e14]" started-at="2025-05-09T22:50:42 IST" name="closebrowser" finished-at="2025-05-09T22:50:42 IST" duration-ms="208" status="PASS">
          <params>
            <param index="0">
              <value>
                <![CDATA[edge]]>
              </value>
            </param>
            <param index="1">
              <value>
                <![CDATA[Aditya]]>
              </value>
            </param>
          </params>
          <reporter-output>
            <line>
              <![CDATA[Browser closed: edge]]>
            </line>
            <line>
              <![CDATA[Test execution completed by: Aditya]]>
            </line>
          </reporter-output>
        </test-method> <!-- closebrowser -->
      </class> <!-- Product_Test.TestCase_15_Test -->
      <class name="Product_Test.TestCase_12_Test">
        <test-method is-config="true" signature="browserSetup(java.lang.String,java.lang.String)[pri:0, instance:Product_Test.TestCase_12_Test@38afe297]" started-at="2025-05-09T22:49:04 IST" name="browserSetup" finished-at="2025-05-09T22:49:13 IST" duration-ms="8717" status="PASS">
          <params>
            <param index="0">
              <value>
                <![CDATA[edge]]>
              </value>
            </param>
            <param index="1">
              <value>
                <![CDATA[Aditya]]>
              </value>
            </param>
          </params>
          <reporter-output>
            <line>
              <![CDATA[Browser verified]]>
            </line>
            <line>
              <![CDATA[Opening: edge]]>
            </line>
            <line>
              <![CDATA[Navigating to URL: http://automationexercise.com]]>
            </line>
          </reporter-output>
        </test-method> <!-- browserSetup -->
        <test-method signature="Add_Products_in_Cart()[pri:0, instance:Product_Test.TestCase_12_Test@38afe297]" started-at="2025-05-09T22:49:13 IST" name="Add_Products_in_Cart" finished-at="2025-05-09T22:49:19 IST" duration-ms="5866" status="PASS">
          <reporter-output>
            <line>
              <![CDATA[Executing class:- #TestCase_12_Test#]]>
            </line>
            <line>
              <![CDATA[Home page is visible successfully]]>
            </line>
            <line>
              <![CDATA[Both products are added to Cart successfully]]>
            </line>
            <line>
              <![CDATA[Product Name: Blue Top]]>
            </line>
            <line>
              <![CDATA[Price: Rs. 500]]>
            </line>
            <line>
              <![CDATA[Quantity: 1]]>
            </line>
            <line>
              <![CDATA[Total Price: Rs. 500]]>
            </line>
            <line>
              <![CDATA[Product Name: Men Tshirt]]>
            </line>
            <line>
              <![CDATA[Price: Rs. 400]]>
            </line>
            <line>
              <![CDATA[Quantity: 1]]>
            </line>
            <line>
              <![CDATA[Total Price: Rs. 400]]>
            </line>
          </reporter-output>
        </test-method> <!-- Add_Products_in_Cart -->
        <test-method is-config="true" signature="closebrowser(java.lang.String,java.lang.String)[pri:0, instance:Product_Test.TestCase_12_Test@38afe297]" started-at="2025-05-09T22:49:19 IST" name="closebrowser" finished-at="2025-05-09T22:49:19 IST" duration-ms="163" status="PASS">
          <params>
            <param index="0">
              <value>
                <![CDATA[edge]]>
              </value>
            </param>
            <param index="1">
              <value>
                <![CDATA[Aditya]]>
              </value>
            </param>
          </params>
          <reporter-output>
            <line>
              <![CDATA[Browser closed: edge]]>
            </line>
            <line>
              <![CDATA[Test execution completed by: Aditya]]>
            </line>
          </reporter-output>
        </test-method> <!-- closebrowser -->
      </class> <!-- Product_Test.TestCase_12_Test -->
      <class name="Product_Test.TestCase_07_Test">
        <test-method is-config="true" signature="browserSetup(java.lang.String,java.lang.String)[pri:0, instance:Product_Test.TestCase_07_Test@41a2befb]" started-at="2025-05-09T22:48:09 IST" name="browserSetup" finished-at="2025-05-09T22:48:16 IST" duration-ms="6892" status="PASS">
          <params>
            <param index="0">
              <value>
                <![CDATA[edge]]>
              </value>
            </param>
            <param index="1">
              <value>
                <![CDATA[Aditya]]>
              </value>
            </param>
          </params>
          <reporter-output>
            <line>
              <![CDATA[Browser verified]]>
            </line>
            <line>
              <![CDATA[Opening: edge]]>
            </line>
            <line>
              <![CDATA[Navigating to URL: http://automationexercise.com]]>
            </line>
          </reporter-output>
        </test-method> <!-- browserSetup -->
        <test-method signature="Verify_Test_Cases_Page()[pri:0, instance:Product_Test.TestCase_07_Test@41a2befb]" started-at="2025-05-09T22:48:16 IST" name="Verify_Test_Cases_Page" finished-at="2025-05-09T22:48:17 IST" duration-ms="1819" status="PASS">
          <reporter-output>
            <line>
              <![CDATA[Executing class:- #TestCase_07_Test#]]>
            </line>
            <line>
              <![CDATA[Home page is visible successfully]]>
            </line>
            <line>
              <![CDATA[User is navigated to test cases page successfully]]>
            </line>
          </reporter-output>
        </test-method> <!-- Verify_Test_Cases_Page -->
        <test-method is-config="true" signature="closebrowser(java.lang.String,java.lang.String)[pri:0, instance:Product_Test.TestCase_07_Test@41a2befb]" started-at="2025-05-09T22:48:17 IST" name="closebrowser" finished-at="2025-05-09T22:48:18 IST" duration-ms="264" status="PASS">
          <params>
            <param index="0">
              <value>
                <![CDATA[edge]]>
              </value>
            </param>
            <param index="1">
              <value>
                <![CDATA[Aditya]]>
              </value>
            </param>
          </params>
          <reporter-output>
            <line>
              <![CDATA[Browser closed: edge]]>
            </line>
            <line>
              <![CDATA[Test execution completed by: Aditya]]>
            </line>
          </reporter-output>
        </test-method> <!-- closebrowser -->
      </class> <!-- Product_Test.TestCase_07_Test -->
      <class name="Product_Test.TestCase_26_Test">
        <test-method is-config="true" signature="browserSetup(java.lang.String,java.lang.String)[pri:0, instance:Product_Test.TestCase_26_Test@4009e306]" started-at="2025-05-09T22:54:34 IST" name="browserSetup" finished-at="2025-05-09T22:54:41 IST" duration-ms="7123" status="PASS">
          <params>
            <param index="0">
              <value>
                <![CDATA[edge]]>
              </value>
            </param>
            <param index="1">
              <value>
                <![CDATA[Aditya]]>
              </value>
            </param>
          </params>
          <reporter-output>
            <line>
              <![CDATA[Browser verified]]>
            </line>
            <line>
              <![CDATA[Opening: edge]]>
            </line>
            <line>
              <![CDATA[Navigating to URL: http://automationexercise.com]]>
            </line>
          </reporter-output>
        </test-method> <!-- browserSetup -->
[...]
          <params>
            <param index="0">
              <value>
                <![CDATA[edge]]>
              </value>
            </param>
            <param index="1">
              <value>
                <![CDATA[Aditya]]>
              </value>
            </param>
          </params>
          <reporter-output>
            <line>
              <![CDATA[Browser verified]]>
            </line>
            <line>
              <![CDATA[Opening: edge]]>
            </line>
            <line>
              <![CDATA[Navigating to URL: http://automationexercise.com]]>
            </line>
          </reporter-output>
        </test-method> <!-- browserSetup -->
        <test-method signature="Verify_Subscription_in_home_page()[pri:0, instance:Product_Test.TestCase_10_Test@131ef10]" started-at="2025-05-09T22:48:45 IST" name="Verify_Subscription_in_home_page" finished-at="2025-05-09T22:48:46 IST" duration-ms="836" status="PASS">
          <reporter-output>
            <line>
              <![CDATA[Executing class:- #TestCase_10_Test#]]>
            </line>
            <line>
              <![CDATA[Home page is visible successfully]]>
            </line>
            <line>
              <![CDATA['SUBSCRIPTION' text is visible]]>
            </line>
            <line>
              <![CDATA['You have been successfully subscribed!' is visible]]>
            </line>
          </reporter-output>
        </test-method> <!-- Verify_Subscription_in_home_page -->
        <test-method is-config="true" signature="closebrowser(java.lang.String,java.lang.String)[pri:0, instance:Product_Test.TestCase_10_Test@131ef10]" started-at="2025-05-09T22:48:46 IST" name="closebrowser" finished-at="2025-05-09T22:48:47 IST" duration-ms="225" status="PASS">
          <params>
            <param index="0">
              <value>
                <![CDATA[edge]]>
              </value>
            </param>
            <param index="1">
              <value>
                <![CDATA[Aditya]]>
              </value>
            </param>
          </params>
          <reporter-output>
            <line>
              <![CDATA[Browser closed: edge]]>
            </line>
            <line>
              <![CDATA[Test execution completed by: Aditya]]>
            </line>
          </reporter-output>
        </test-method> <!-- closebrowser -->
      </class> <!-- Product_Test.TestCase_10_Test -->
      <class name="Product_Test.TestCase_09_Test">
        <test-method is-config="true" signature="browserSetup(java.lang.String,java.lang.String)[pri:0, instance:Product_Test.TestCase_09_Test@7bedc48a]" started-at="2025-05-09T22:48:28 IST" name="browserSetup" finished-at="2025-05-09T22:48:34 IST" duration-ms="6832" status="PASS">
          <params>
            <param index="0">
              <value>
                <![CDATA[edge]]>
              </value>
            </param>
            <param index="1">
              <value>
                <![CDATA[Aditya]]>
              </value>
            </param>
          </params>
          <reporter-output>
            <line>
              <![CDATA[Browser verified]]>
            </line>
            <line>
              <![CDATA[Opening: edge]]>
            </line>
            <line>
              <![CDATA[Navigating to URL: http://automationexercise.com]]>
            </line>
          </reporter-output>
        </test-method> <!-- browserSetup -->
        <test-method signature="Search_Product()[pri:0, instance:Product_Test.TestCase_09_Test@7bedc48a]" started-at="2025-05-09T22:48:34 IST" name="Search_Product" finished-at="2025-05-09T22:48:39 IST" duration-ms="4548" status="PASS">
          <reporter-output>
            <line>
              <![CDATA[Executing class:- #TestCase_09_Test#]]>
            </line>
            <line>
              <![CDATA[Home page is visible successfully]]>
            </line>
            <line>
              <![CDATA[User is navigated to ALL PRODUCTS page successfully]]>
            </line>
            <line>
              <![CDATA['SEARCHED PRODUCTS' is visible]]>
            </line>
            <line>
              <![CDATA[Product related to search is visible: Blue Top]]>
            </line>
            <line>
              <![CDATA[Product related to search is visible: Winter Top]]>
            </line>
            <line>
              <![CDATA[Product related to search is visible: Summer White Top]]>
            </line>
            <line>
              <![CDATA[Product related to search is visible: Madame Top For Women]]>
            </line>
            <line>
              <![CDATA[Product related to search is visible: Fancy Green Top]]>
            </line>
            <line>
              <![CDATA[Product related to search is visible: Sleeves Printed Top - White]]>
            </line>
            <line>
              <![CDATA[Product related to search is visible: Half Sleeves Top Schiffli Detailing - Pink]]>
            </line>
            <line>
              <![CDATA[Product related to search is visible: Frozen Tops For Kids]]>
            </line>
            <line>
              <![CDATA[Product related to search is visible: Full Sleeves Top Cherry - Pink]]>
            </line>
            <line>
              <![CDATA[Product related to search is visible: Printed Off Shoulder Top - White]]>
            </line>
            <line>
              <![CDATA[Product related to search is visible: Sleeves Top and Short - Blue & Pink]]>
            </line>
            <line>
              <![CDATA[Product related to search is not visible: Little Girls Mr. Panda  Shirt]]>
            </line>
            <line>
              <![CDATA[Product related to search is visible: Colour Blocked Shirt – Sky Blue]]>
            </line>
            <line>
              <![CDATA[Product related to search is visible: Lace Top For Women]]>
            </line>
          </reporter-output>
        </test-method> <!-- Search_Product -->
        <test-method is-config="true" signature="closebrowser(java.lang.String,java.lang.String)[pri:0, instance:Product_Test.TestCase_09_Test@7bedc48a]" started-at="2025-05-09T22:48:39 IST" name="closebrowser" finished-at="2025-05-09T22:48:39 IST" duration-ms="270" status="PASS">
          <params>
            <param index="0">
              <value>
                <![CDATA[edge]]>
              </value>
            </param>
            <param index="1">
              <value>
                <![CDATA[Aditya]]>
              </value>
            </param>
          </params>
          <reporter-output>
            <line>
              <![CDATA[Browser closed: edge]]>
            </line>
            <line>
              <![CDATA[Test execution completed by: Aditya]]>
            </line>
          </reporter-output>
        </test-method> <!-- closebrowser -->
      </class> <!-- Product_Test.TestCase_09_Test -->
      <class name="Product_Test.TestCase_03_Test">
        <test-method is-config="true" signature="browserSetup(java.lang.String,java.lang.String)[pri:0, instance:Product_Test.TestCase_03_Test@5e5d171f]" started-at="2025-05-09T22:47:02 IST" name="browserSetup" finished-at="2025-05-09T22:47:07 IST" duration-ms="5189" status="PASS">
          <params>
            <param index="0">
              <value>
                <![CDATA[edge]]>
              </value>
            </param>
            <param index="1">
              <value>
                <![CDATA[Aditya]]>
              </value>
            </param>
          </params>
          <reporter-output>
            <line>
              <![CDATA[Browser verified]]>
            </line>
            <line>
              <![CDATA[Opening: edge]]>
            </line>
            <line>
              <![CDATA[Navigating to URL: http://automationexercise.com]]>
            </line>
          </reporter-output>
        </test-method> <!-- browserSetup -->
        <test-method signature="Login_User_with_incorrect_email_and_password()[pri:0, instance:Product_Test.TestCase_03_Test@5e5d171f]" started-at="2025-05-09T22:47:07 IST" name="Login_User_with_incorrect_email_and_password" finished-at="2025-05-09T22:47:12 IST" duration-ms="4884" status="PASS">
          <reporter-output>
            <line>
              <![CDATA[Executing class:- #TestCase_03_Test#]]>
            </line>
            <line>
              <![CDATA[Home page is visible successfully]]>
            </line>
            <line>
              <![CDATA['Login to your account' is visible]]>
            </line>
            <line>
              <![CDATA['Your email or password is incorrect!' is visible]]>
            </line>
          </reporter-output>
        </test-method> <!-- Login_User_with_incorrect_email_and_password -->
        <test-method is-config="true" signature="closebrowser(java.lang.String,java.lang.String)[pri:0, instance:Product_Test.TestCase_03_Test@5e5d171f]" started-at="2025-05-09T22:47:12 IST" name="closebrowser" finished-at="2025-05-09T22:47:12 IST" duration-ms="199" status="PASS">
          <params>
            <param index="0">
              <value>
                <![CDATA[edge]]>
              </value>
            </param>
            <param index="1">
              <value>
                <![CDATA[Aditya]]>
              </value>
            </param>
          </params>
          <reporter-output>
            <line>
              <![CDATA[Browser closed: edge]]>
            </line>
            <line>
              <![CDATA[Test execution completed by: Aditya]]>
            </line>
          </reporter-output>
        </test-method> <!-- closebrowser -->
      </class> <!-- Product_Test.TestCase_03_Test -->
      <class name="Product_Test.TestCase_17_Test">
        <test-method is-config="true" signature="browserSetup(java.lang.String,java.lang.String)[pri:0, instance:Product_Test.TestCase_17_Test@7c9d8e2]" started-at="2025-05-09T22:51:21 IST" name="browserSetup" finished-at="2025-05-09T22:51:28 IST" duration-ms="7160" status="PASS">
          <params>
            <param index="0">
              <value>
                <![CDATA[edge]]>
              </value>
            </param>
            <param index="1">
              <value>
                <![CDATA[Aditya]]>
              </value>
            </param>
          </params>
          <reporter-output>
            <line>
              <![CDATA[Browser verified]]>
            </line>
            <line>
              <![CDATA[Opening: edge]]>
            </line>
            <line>
              <![CDATA[Navigating to URL: http://automationexercise.com]]>
            </line>
          </reporter-output>
        </test-method> <!-- browserSetup -->
        <test-method signature="Remove_Products_From_Cart()[pri:0, instance:Product_Test.TestCase_17_Test@7c9d8e2]" started-at="2025-05-09T22:51:28 IST" name="Remove_Products_From_Cart" finished-at="2025-05-09T22:51:35 IST" duration-ms="6893" status="PASS">
          <reporter-output>
            <line>
              <![CDATA[Executing class:- #TestCase_17_Test#]]>
            </line>
            <line>
              <![CDATA[Home page is visible successfully]]>
            </line>
            <line>
              <![CDATA[Cart page is displayed successfully]]>
            </line>
            <line>
              <![CDATA[Initial items in cart: 2]]>
            </line>
            <line>
              <![CDATA[Item deleted successfully]]>
            </line>
            <line>
              <![CDATA[Updated items in cart: 1]]>
            </line>
            <line>
              <![CDATA[Product was successfully removed from cart]]>
            </line>
          </reporter-output>
        </test-method> <!-- Remove_Products_From_Cart -->
        <test-method is-config="true" signature="closebrowser(java.lang.String,java.lang.String)[pri:0, instance:Product_Test.TestCase_17_Test@7c9d8e2]" started-at="2025-05-09T22:51:35 IST" name="closebrowser" finished-at="2025-05-09T22:51:35 IST" duration-ms="197" status="PASS">
          <params>
            <param index="0">
              <value>
                <![CDATA[edge]]>
              </value>
            </param>
            <param index="1">
              <value>
                <![CDATA[Aditya]]>
              </value>
            </param>
          </params>
          <reporter-output>
            <line>
              <![CDATA[Browser closed: edge]]>
            </line>
            <line>
              <![CDATA[Test execution completed by: Aditya]]>
            </line>
          </reporter-output>
        </test-method> <!-- closebrowser -->
      </class> <!-- Product_Test.TestCase_17_Test -->
      <class name="Product_Test.TestCase_14_Test">
        <test-method is-config="true" signature="browserSetup(java.lang.String,java.lang.String)[pri:0, instance:Product_Test.TestCase_14_Test@23348b5d]" started-at="2025-05-09T22:49:29 IST" name="browserSetup" finished-at="2025-05-09T22:49:36 IST" duration-ms="7280" status="PASS">
          <params>
            <param index="0">
              <value>
                <![CDATA[edge]]>
              </value>
            </param>
            <param index="1">
              <value>
                <![CDATA[Aditya]]>
              </value>
            </param>
          </params>
          <reporter-output>
            <line>
              <![CDATA[Browser verified]]>
            </line>
            <line>
              <![CDATA[Opening: edge]]>
            </line>
            <line>
              <![CDATA[Navigating to URL: http://automationexercise.com]]>
            </line>
          </reporter-output>
        </test-method> <!-- browserSetup -->
        <test-method signature="Place_Order_Register_while_Checkout()[pri:0, instance:Product_Test.TestCase_14_Test@23348b5d]" started-at="2025-05-09T22:49:36 IST" name="Place_Order_Register_while_Checkout" finished-at="2025-05-09T22:50:06 IST" duration-ms="30135" status="PASS">
          <reporter-output>
            <line>
              <![CDATA[Executing class:- #TestCase_14_Test#]]>
            </line>
            <line>
              <![CDATA[Home page is visible successfully]]>
            </line>
            <line>
              <![CDATA[Cart page is displayed successfully]]>
            </line>
            <line>
              <![CDATA['ACCOUNT CREATED!' is visible]]>
            </line>
            <line>
              <![CDATA['Logged in as username' is visible]]>
            </line>
            <line>
              <![CDATA[Address Details are successfully verified]]>
            </line>
            <line>
              <![CDATA[Product Name: Blue Top]]>
            </line>
            <line>
              <![CDATA[Price: Rs. 500]]>
            </line>
            <line>
              <![CDATA[Quantity: 1]]>
            </line>
            <line>
              <![CDATA[Total Price: Rs. 500]]>
            </line>
            <line>
              <![CDATA[Product Name: Men Tshirt]]>
            </line>
            <line>
              <![CDATA[Price: Rs. 400]]>
            </line>
            <line>
              <![CDATA[Quantity: 1]]>
            </line>
            <line>
              <![CDATA[Total Price: Rs. 400]]>
            </line>
            <line>
              <![CDATA[Order review successfully verified]]>
            </line>
            <line>
              <![CDATA['Your order has been placed successfully!' verified successfully]]>
            </line>
            <line>
              <![CDATA['ACCOUNT DELETED!' is visible]]>
            </line>
          </reporter-output>
        </test-method> <!-- Place_Order_Register_while_Checkout -->
        <test-method is-config="true" signature="closebrowser(java.lang.String,java.lang.String)[pri:0, instance:Product_Test.TestCase_14_Test@23348b5d]" started-at="2025-05-09T22:50:06 IST" name="closebrowser" finished-at="2025-05-09T22:50:06 IST" duration-ms="413" status="PASS">
          <params>
            <param index="0">
              <value>
                <![CDATA[edge]]>
              </value>
            </param>
            <param index="1">
              <value>
                <![CDATA[Aditya]]>
              </value>
            </param>
          </params>
          <reporter-output>
            <line>
              <![CDATA[Browser closed: edge]]>
            </line>
            <line>
              <![CDATA[Test execution completed by: Aditya]]>
            </line>
          </reporter-output>
        </test-method> <!-- closebrowser -->
      </class> <!-- Product_Test.TestCase_14_Test -->
      <class name="Product_Test.TestCase_06_Test">
        <test-method is-config="true" signature="browserSetup(java.lang.String,java.lang.String)[pri:0, instance:Product_Test.TestCase_06_Test@77f1baf5]" started-at="2025-05-09T22:47:56 IST" name="browserSetup" finished-at="2025-05-09T22:48:03 IST" duration-ms="6879" status="PASS">
          <params>
            <param index="0">
              <value>
                <![CDATA[edge]]>
              </value>
            </param>
            <param index="1">
              <value>
                <![CDATA[Aditya]]>
              </value>
            </param>
          </params>
          <reporter-output>
            <line>
              <![CDATA[Browser verified]]>
            </line>
            <line>
              <![CDATA[Opening: edge]]>
            </line>
            <line>
              <![CDATA[Navigating to URL: http://automationexercise.com]]>
            </line>
          </reporter-output>
        </test-method> <!-- browserSetup -->
        <test-method signature="Contact_Us_Form()[pri:0, instance:Product_Test.TestCase_06_Test@77f1baf5]" started-at="2025-05-09T22:48:03 IST" name="Contact_Us_Form" finished-at="2025-05-09T22:48:09 IST" duration-ms="5296" status="PASS">
          <reporter-output>
            <line>
              <![CDATA[Executing class:- #TestCase_06_Test#]]>
            </line>
            <line>
              <![CDATA[Home page is visible successfully]]>
            </line>
            <line>
              <![CDATA['GET IN TOUCH' is visible]]>
            </line>
            <line>
              <![CDATA['Success! Your details have been submitted successfully.' is visible]]>
            </line>
          </reporter-output>
        </test-method> <!-- Contact_Us_Form -->
        <test-method is-config="true" signature="closebrowser(java.lang.String,java.lang.String)[pri:0, instance:Product_Test.TestCase_06_Test@77f1baf5]" started-at="2025-05-09T22:48:09 IST" name="closebrowser" finished-at="2025-05-09T22:48:09 IST" duration-ms="170" status="PASS">
          <params>
            <param index="0">
              <value>
                <![CDATA[edge]]>
              </value>
            </param>
            <param index="1">
              <value>
                <![CDATA[Aditya]]>
              </value>
            </param>
          </params>
          <reporter-output>
            <line>
              <![CDATA[Browser closed: edge]]>
            </line>
            <line>
              <![CDATA[Test execution completed by: Aditya]]>
            </line>
          </reporter-output>
        </test-method> <!-- closebrowser -->
      </class> <!-- Product_Test.TestCase_06_Test -->
    </test> <!-- Test -->
  </suite> <!-- RegressionSuite -->
</testng-results>
