<?xml version="1.0" encoding="UTF-8"?>
<testng-results ignored="0" total="1" passed="1" failed="0" skipped="0">
  <reporter-output>
    <line>
      <![CDATA[Browser verified]]>
    </line>
    <line>
      <![CDATA[Opening: chrome]]>
    </line>
    <line>
      <![CDATA[Navigating to URL: http://automationexercise.com]]>
    </line>
    <line>
      <![CDATA[Home page is visible successfully]]>
    </line>
    <line>
      <![CDATA['New User Signup!' is visible]]>
    </line>
    <line>
      <![CDATA['ENTER ACCOUNT INFORMATION' is visible]]>
    </line>
    <line>
      <![CDATA['ACCOUNT CREATED!' is visible]]>
    </line>
    <line>
      <![CDATA['Logged in as username' is visible]]>
    </line>
    <line>
      <![CDATA['ACCOUNT DELETED!' is visible]]>
    </line>
    <line>
      <![CDATA[Browser closed: chrome]]>
    </line>
    <line>
      <![CDATA[Test execution completed by: Aditya]]>
    </line>
  </reporter-output>
  <suite started-at="2025-05-09T20:52:40 IST" name="RegressionSuite" finished-at="2025-05-09T20:52:56 IST" duration-ms="15799">
    <groups>
    </groups>
    <test started-at="2025-05-09T20:52:40 IST" name="Test" finished-at="2025-05-09T20:52:56 IST" duration-ms="15799">
      <class name="Product_Test.TestCase_01_Test">
        <test-method is-config="true" signature="browserSetup(java.lang.String,java.lang.String)[pri:0, instance:Product_Test.TestCase_01_Test@3b0090a4]" started-at="2025-05-09T20:52:40 IST" name="browserSetup" finished-at="2025-05-09T20:52:45 IST" duration-ms="4923" status="PASS">
          <params>
            <param index="0">
              <value>
                <![CDATA[chrome]]>
              </value>
            </param>
            <param index="1">
              <value>
                <![CDATA[Aditya]]>
              </value>
            </param>
          </params>
          <reporter-output>
            <line>
              <![CDATA[Browser verified]]>
            </line>
            <line>
              <![CDATA[Opening: chrome]]>
            </line>
            <line>
              <![CDATA[Navigating to URL: http://automationexercise.com]]>
            </line>
          </reporter-output>
        </test-method> <!-- browserSetup -->
        <test-method signature="Register_User()[pri:0, instance:Product_Test.TestCase_01_Test@3b0090a4]" started-at="2025-05-09T20:52:45 IST" name="Register_User" finished-at="2025-05-09T20:52:56 IST" duration-ms="10739" status="PASS">
          <reporter-output>
            <line>
              <![CDATA[Home page is visible successfully]]>
            </line>
            <line>
              <![CDATA['New User Signup!' is visible]]>
            </line>
            <line>
              <![CDATA['ENTER ACCOUNT INFORMATION' is visible]]>
            </line>
            <line>
              <![CDATA['ACCOUNT CREATED!' is visible]]>
            </line>
            <line>
              <![CDATA['Logged in as username' is visible]]>
            </line>
            <line>
              <![CDATA['ACCOUNT DELETED!' is visible]]>
            </line>
          </reporter-output>
        </test-method> <!-- Register_User -->
        <test-method is-config="true" signature="closebrowser(java.lang.String,java.lang.String)[pri:0, instance:Product_Test.TestCase_01_Test@3b0090a4]" started-at="2025-05-09T20:52:56 IST" name="closebrowser" finished-at="2025-05-09T20:52:56 IST" duration-ms="108" status="PASS">
          <params>
            <param index="0">
              <value>
                <![CDATA[chrome]]>
              </value>
            </param>
            <param index="1">
              <value>
                <![CDATA[Aditya]]>
              </value>
            </param>
          </params>
          <reporter-output>
            <line>
              <![CDATA[Browser closed: chrome]]>
            </line>
            <line>
              <![CDATA[Test execution completed by: Aditya]]>
            </line>
          </reporter-output>
        </test-method> <!-- closebrowser -->
      </class> <!-- Product_Test.TestCase_01_Test -->
    </test> <!-- Test -->
  </suite> <!-- RegressionSuite -->
</testng-results>
